
> artguard-frontend@1.0.0 test
> vitest run --run --coverage --reporter=json

{"numTotalTestSuites":66,"numPassedTestSuites":57,"numFailedTestSuites":9,"numPendingTestSuites":0,"numTotalTests":167,"numPassedTests":156,"numFailedTests":11,"numPendingTests":0,"numTodoTests":0,"snapshot":{"added":0,"failure":false,"filesAdded":0,"filesRemoved":0,"filesRemovedList":[],"filesUnmatched":0,"filesUpdated":0,"matched":0,"total":0,"unchecked":0,"uncheckedKeysByFile":[],"unmatched":0,"updated":0,"didUpdate":false},"startTime":1774651094154,"success":false,"testResults":[{"assertionResults":[{"ancestorTitles":["App"],"fullName":"App mounts router and shows home content","status":"passed","title":"mounts router and shows home content","duration":98.45666599273682,"failureMessages":[],"meta":{}}],"startTime":1774651112696,"endTime":1774651112794.4568,"status":"passed","message":"","name":"/Users/soheegoo/UofT/MarkusLLMTeachCS/CSC490/ArtGuard/src/apps/frontend/src/app/App.test.tsx"},{"assertionResults":[{"ancestorTitles":["routes"],"fullName":"routes / renders HomePage inside RootLayout","status":"passed","title":"/ renders HomePage inside RootLayout","duration":26.506749987602234,"failureMessages":[],"meta":{}},{"ancestorTitles":["routes"],"fullName":"routes /signup renders SignUpPage","status":"passed","title":"/signup renders SignUpPage","duration":3.4411669969558716,"failureMessages":[],"meta":{}},{"ancestorTitles":["routes"],"fullName":"routes /login renders LoginPage","status":"passed","title":"/login renders LoginPage","duration":3.725208044052124,"failureMessages":[],"meta":{}},{"ancestorTitles":["routes"],"fullName":"routes /upload renders UploadPage inside ProtectedRoute","status":"passed","title":"/upload renders UploadPage inside ProtectedRoute","duration":3.120666980743408,"failureMessages":[],"meta":{}},{"ancestorTitles":["routes"],"fullName":"routes /results renders ResultsPage inside ProtectedRoute","status":"passed","title":"/results renders ResultsPage inside ProtectedRoute","duration":3.9743340015411377,"failureMessages":[],"meta":{}},{"ancestorTitles":["routes"],"fullName":"routes /history renders HistoryPage inside ProtectedRoute","status":"passed","title":"/history renders HistoryPage inside ProtectedRoute","duration":7.731874942779541,"failureMessages":[],"meta":{}},{"ancestorTitles":["routes"],"fullName":"routes /profile renders ProfilePage inside ProtectedRoute","status":"passed","title":"/profile renders ProfilePage inside ProtectedRoute","duration":3.6594170331954956,"failureMessages":[],"meta":{}}],"startTime":1774651115047,"endTime":1774651115099.6594,"status":"passed","message":"","name":"/Users/soheegoo/UofT/MarkusLLMTeachCS/CSC490/ArtGuard/src/apps/frontend/src/app/routes.test.tsx"},{"assertionResults":[{"ancestorTitles":["analyzeArtwork"],"fullName":"analyzeArtwork maps API inference response to AnalysisResult","status":"passed","title":"maps API inference response to AnalysisResult","duration":3.3031660318374634,"failureMessages":[],"meta":{}},{"ancestorTitles":["analyzeArtwork"],"fullName":"analyzeArtwork uses Unknown/Untitled when names missing in API path","status":"passed","title":"uses Unknown/Untitled when names missing in API path","duration":0.3019580841064453,"failureMessages":[],"meta":{}},{"ancestorTitles":["analyzeArtwork"],"fullName":"analyzeArtwork runs mock pipeline with delay and image dimensions","status":"passed","title":"runs mock pipeline with delay and image dimensions","duration":1205.3623750209808,"failureMessages":[],"meta":{}},{"ancestorTitles":["analyzeArtwork"],"fullName":"analyzeArtwork rejects when FileReader fails in mock mode","status":"passed","title":"rejects when FileReader fails in mock mode","duration":1202.4574160575867,"failureMessages":[],"meta":{}}],"startTime":1774651102165,"endTime":1774651104576.4575,"status":"passed","message":"","name":"/Users/soheegoo/UofT/MarkusLLMTeachCS/CSC490/ArtGuard/src/apps/frontend/src/app/api/analysis.test.ts"},{"assertionResults":[{"ancestorTitles":["backendApi wrappers"],"fullName":"backendApi wrappers calls expected POST routes","status":"passed","title":"calls expected POST routes","duration":7.277583003044128,"failureMessages":[],"meta":{}}],"startTime":1774651118673,"endTime":1774651118680.2776,"status":"passed","message":"","name":"/Users/soheegoo/UofT/MarkusLLMTeachCS/CSC490/ArtGuard/src/apps/frontend/src/app/api/backendApi.test.ts"},{"assertionResults":[{"ancestorTitles":["client token helpers"],"fullName":"client token helpers setAccessToken and getAccessToken round-trip","status":"passed","title":"setAccessToken and getAccessToken round-trip","duration":2.3377500772476196,"failureMessages":[],"meta":{}},{"ancestorTitles":["client token helpers"],"fullName":"client token helpers postFormData sends multipart with Bearer token when API URL is set","status":"passed","title":"postFormData sends multipart with Bearer token when API URL is set","duration":3.5241249799728394,"failureMessages":[],"meta":{}},{"ancestorTitles":["client token helpers"],"fullName":"client token helpers api.get parses JSON on success","status":"passed","title":"api.get parses JSON on success","duration":1.4868749380111694,"failureMessages":[],"meta":{}},{"ancestorTitles":["client token helpers"],"fullName":"client token helpers api.get throws with message from API error body","status":"passed","title":"api.get throws with message from API error body","duration":2.544374942779541,"failureMessages":[],"meta":{}},{"ancestorTitles":["client token helpers"],"fullName":"client token helpers getAccessToken returns null when localStorage throws","status":"passed","title":"getAccessToken returns null when localStorage throws","duration":1.2384999990463257,"failureMessages":[],"meta":{}},{"ancestorTitles":["client token helpers"],"fullName":"client token helpers api.get throws when VITE_API_URL is unset","status":"passed","title":"api.get throws when VITE_API_URL is unset","duration":1.5526249408721924,"failureMessages":[],"meta":{}},{"ancestorTitles":["client token helpers"],"fullName":"client token helpers extractErrorMessage uses message and detail string from error JSON","status":"passed","title":"extractErrorMessage uses message and detail string from error JSON","duration":1.6552090644836426,"failureMessages":[],"meta":{}},{"ancestorTitles":["client token helpers"],"fullName":"client token helpers api.put and api.delete succeed","status":"passed","title":"api.put and api.delete succeed","duration":1.5455420017242432,"failureMessages":[],"meta":{}},{"ancestorTitles":["client token helpers"],"fullName":"client token helpers postFormData throws on non-ok response","status":"passed","title":"postFormData throws on non-ok response","duration":1.3873330354690552,"failureMessages":[],"meta":{}},{"ancestorTitles":["client token helpers"],"fullName":"client token helpers api.get with skipAuth omits Authorization header","status":"passed","title":"api.get with skipAuth omits Authorization header","duration":1.3013750314712524,"failureMessages":[],"meta":{}}],"startTime":1774651117966,"endTime":1774651117984.3013,"status":"passed","message":"","name":"/Users/soheegoo/UofT/MarkusLLMTeachCS/CSC490/ArtGuard/src/apps/frontend/src/app/api/client.test.ts"},{"assertionResults":[{"ancestorTitles":["inferenceToAnalysisResult"],"fullName":"inferenceToAnalysisResult maps list item fields and coerces status","status":"passed","title":"maps list item fields and coerces status","duration":1.3673330545425415,"failureMessages":[],"meta":{}},{"ancestorTitles":["inferenceToAnalysisResult"],"fullName":"inferenceToAnalysisResult omits prediction when not a number and clears empty error","status":"passed","title":"omits prediction when not a number and clears empty error","duration":0.1589590311050415,"failureMessages":[],"meta":{}},{"ancestorTitles":["inferenceToAnalysisResult"],"fullName":"inferenceToAnalysisResult coerces unknown inference_status to undefined","status":"passed","title":"coerces unknown inference_status to undefined","duration":0.09074997901916504,"failureMessages":[],"meta":{}},{"ancestorTitles":["inferenceToAnalysisResult"],"fullName":"inferenceToAnalysisResult maps all valid inference_status values","status":"passed","title":"maps all valid inference_status values","duration":0.11883294582366943,"failureMessages":[],"meta":{}},{"ancestorTitles":["inferences API functions"],"fullName":"inferences API functions listInferences builds query params","status":"passed","title":"listInferences builds query params","duration":3.34612500667572,"failureMessages":[],"meta":{}},{"ancestorTitles":["inferences API functions"],"fullName":"inferences API functions getInference, deleteInference, deleteAllInferences, getInferenceStats hit routes","status":"passed","title":"getInference, deleteInference, deleteAllInferences, getInferenceStats hit routes","duration":2.917207956314087,"failureMessages":[],"meta":{}}],"startTime":1774651119332,"endTime":1774651119339.9172,"status":"passed","message":"","name":"/Users/soheegoo/UofT/MarkusLLMTeachCS/CSC490/ArtGuard/src/apps/frontend/src/app/api/inferencesApi.test.ts"},{"assertionResults":[{"ancestorTitles":["BrushDivider"],"fullName":"BrushDivider renders separator","status":"passed","title":"renders separator","duration":22.323459029197693,"failureMessages":[],"meta":{}}],"startTime":1774651117284,"endTime":1774651117306.3235,"status":"passed","message":"","name":"/Users/soheegoo/UofT/MarkusLLMTeachCS/CSC490/ArtGuard/src/apps/frontend/src/app/components/BrushDivider.test.tsx"},{"assertionResults":[{"ancestorTitles":["ErrorBoundary"],"fullName":"ErrorBoundary renders children when healthy","status":"passed","title":"renders children when healthy","duration":21.478624939918518,"failureMessages":[],"meta":{}},{"ancestorTitles":["ErrorBoundary"],"fullName":"ErrorBoundary offers go to home","status":"passed","title":"offers go to home","duration":90.44704103469849,"failureMessages":[],"meta":{}},{"ancestorTitles":["ErrorBoundary"],"fullName":"ErrorBoundary uses custom fallback when provided","status":"passed","title":"uses custom fallback when provided","duration":2.191957950592041,"failureMessages":[],"meta":{}},{"ancestorTitles":["ErrorBoundary"],"fullName":"ErrorBoundary logs error in DEV mode","status":"passed","title":"logs error in DEV mode","duration":6.148249983787537,"failureMessages":[],"meta":{}},{"ancestorTitles":["ErrorBoundary"],"fullName":"ErrorBoundary does not log error in production","status":"failed","title":"does not log error in production","duration":6.635917067527771,"failureMessages":["AssertionError: expected \"spy\" to not be called at all, but actually been called 3 times\u001b[90m\n\nReceived: \n\n\u001b[1m  1st spy call:\n\n\u001b[22m    Array [\n      \"Error: Uncaught [Error: boom]\n        at reportException (/Users/soheegoo/UofT/MarkusLLMTeachCS/CSC490/ArtGuard/src/apps/frontend/node_modules/jsdom/lib/jsdom/living/helpers/runtime-script-errors.js:66:24)\n        at innerInvokeEventListeners (/Users/soheegoo/UofT/MarkusLLMTeachCS/CSC490/ArtGuard/src/apps/frontend/node_modules/jsdom/lib/jsdom/living/events/EventTarget-impl.js:353:9)\n        at invokeEventListeners (/Users/soheegoo/UofT/MarkusLLMTeachCS/CSC490/ArtGuard/src/apps/frontend/node_modules/jsdom/lib/jsdom/living/events/EventTarget-impl.js:286:3)\n        at HTMLUnknownElementImpl._dispatch (/Users/soheegoo/UofT/MarkusLLMTeachCS/CSC490/ArtGuard/src/apps/frontend/node_modules/jsdom/lib/jsdom/living/events/EventTarget-impl.js:233:9)\n        at HTMLUnknownElementImpl.dispatchEvent (/Users/soheegoo/UofT/MarkusLLMTeachCS/CSC490/ArtGuard/src/apps/frontend/node_modules/jsdom/lib/jsdom/living/events/EventTarget-impl.js:104:17)\n        at HTMLUnknownElement.dispatchEvent (/Users/soheegoo/UofT/MarkusLLMTeachCS/CSC490/ArtGuard/src/apps/frontend/node_modules/jsdom/lib/jsdom/living/generated/EventTarget.js:241:34)\n        at Object.invokeGuardedCallbackDev (/Users/soheegoo/UofT/MarkusLLMTeachCS/CSC490/ArtGuard/src/apps/frontend/node_modules/react-dom/cjs/react-dom.development.js:4213:16)\n        at invokeGuardedCallback (/Users/soheegoo/UofT/MarkusLLMTeachCS/CSC490/ArtGuard/src/apps/frontend/node_modules/react-dom/cjs/react-dom.development.js:4277:31)\n        at beginWork$1 (/Users/soheegoo/UofT/MarkusLLMTeachCS/CSC490/ArtGuard/src/apps/frontend/node_modules/react-dom/cjs/react-dom.development.js:27490:7)\n        at performUnitOfWork (/Users/soheegoo/UofT/MarkusLLMTeachCS/CSC490/ArtGuard/src/apps/frontend/node_modules/react-dom/cjs/react-dom.development.js:26599:12)\",\n      [Error: boom],\n    ]\n\n\u001b[1m  2nd spy call:\n\n\u001b[22m    Array [\n      \"Error: Uncaught [Error: boom]\n        at reportException (/Users/soheegoo/UofT/MarkusLLMTeachCS/CSC490/ArtGuard/src/apps/frontend/node_modules/jsdom/lib/jsdom/living/helpers/runtime-script-errors.js:66:24)\n        at innerInvokeEventListeners (/Users/soheegoo/UofT/MarkusLLMTeachCS/CSC490/ArtGuard/src/apps/frontend/node_modules/jsdom/lib/jsdom/living/events/EventTarget-impl.js:353:9)\n        at invokeEventListeners (/Users/soheegoo/UofT/MarkusLLMTeachCS/CSC490/ArtGuard/src/apps/frontend/node_modules/jsdom/lib/jsdom/living/events/EventTarget-impl.js:286:3)\n        at HTMLUnknownElementImpl._dispatch (/Users/soheegoo/UofT/MarkusLLMTeachCS/CSC490/ArtGuard/src/apps/frontend/node_modules/jsdom/lib/jsdom/living/events/EventTarget-impl.js:233:9)\n        at HTMLUnknownElementImpl.dispatchEvent (/Users/soheegoo/UofT/MarkusLLMTeachCS/CSC490/ArtGuard/src/apps/frontend/node_modules/jsdom/lib/jsdom/living/events/EventTarget-impl.js:104:17)\n        at HTMLUnknownElement.dispatchEvent (/Users/soheegoo/UofT/MarkusLLMTeachCS/CSC490/ArtGuard/src/apps/frontend/node_modules/jsdom/lib/jsdom/living/generated/EventTarget.js:241:34)\n        at Object.invokeGuardedCallbackDev (/Users/soheegoo/UofT/MarkusLLMTeachCS/CSC490/ArtGuard/src/apps/frontend/node_modules/react-dom/cjs/react-dom.development.js:4213:16)\n        at invokeGuardedCallback (/Users/soheegoo/UofT/MarkusLLMTeachCS/CSC490/ArtGuard/src/apps/frontend/node_modules/react-dom/cjs/react-dom.development.js:4277:31)\n        at beginWork$1 (/Users/soheegoo/UofT/MarkusLLMTeachCS/CSC490/ArtGuard/src/apps/frontend/node_modules/react-dom/cjs/react-dom.development.js:27490:7)\n        at performUnitOfWork (/Users/soheegoo/UofT/MarkusLLMTeachCS/CSC490/ArtGuard/src/apps/frontend/node_modules/react-dom/cjs/react-dom.development.js:26599:12)\",\n      [Error: boom],\n    ]\n\n\u001b[1m  3rd spy call:\n\n\u001b[22m    Array [\n      \"The above error occurred in the <Boom> component:\n    \n        at Boom (/Users/soheegoo/UofT/MarkusLLMTeachCS/CSC490/ArtGuard/src/apps/frontend/src/app/components/ErrorBoundary.test.tsx:8:1)\n        at ErrorBoundary (/Users/soheegoo/UofT/MarkusLLMTeachCS/CSC490/ArtGuard/src/apps/frontend/src/app/components/ErrorBoundary.tsx:8:1)\n    \n    React will try to recreate this component tree from scratch using the error boundary you provided, ErrorBoundary.\",\n    ]\n\u001b[39m\u001b[90m\n\nNumber of calls: \u001b[1m3\u001b[22m\n\u001b[39m\n    at Proxy.<anonymous> (file:///Users/soheegoo/UofT/MarkusLLMTeachCS/CSC490/ArtGuard/src/apps/frontend/node_modules/@vitest/expect/dist/index.js:1335:10)\n    at Proxy.<anonymous> (file:///Users/soheegoo/UofT/MarkusLLMTeachCS/CSC490/ArtGuard/src/apps/frontend/node_modules/@vitest/expect/dist/index.js:1029:14)\n    at Proxy.methodWrapper (file:///Users/soheegoo/UofT/MarkusLLMTeachCS/CSC490/ArtGuard/src/apps/frontend/node_modules/chai/index.js:1686:25)\n    at /Users/soheegoo/UofT/MarkusLLMTeachCS/CSC490/ArtGuard/src/apps/frontend/src/app/components/ErrorBoundary.test.tsx:93:31\n    at file:///Users/soheegoo/UofT/MarkusLLMTeachCS/CSC490/ArtGuard/src/apps/frontend/node_modules/@vitest/runner/dist/chunk-hooks.js:155:11\n    at file:///Users/soheegoo/UofT/MarkusLLMTeachCS/CSC490/ArtGuard/src/apps/frontend/node_modules/@vitest/runner/dist/chunk-hooks.js:752:26\n    at file:///Users/soheegoo/UofT/MarkusLLMTeachCS/CSC490/ArtGuard/src/apps/frontend/node_modules/@vitest/runner/dist/chunk-hooks.js:1897:20\n    at new Promise (<anonymous>)\n    at runWithTimeout (file:///Users/soheegoo/UofT/MarkusLLMTeachCS/CSC490/ArtGuard/src/apps/frontend/node_modules/@vitest/runner/dist/chunk-hooks.js:1863:10)\n    at runTest (file:///Users/soheegoo/UofT/MarkusLLMTeachCS/CSC490/ArtGuard/src/apps/frontend/node_modules/@vitest/runner/dist/chunk-hooks.js:1574:12)"],"meta":{}},{"ancestorTitles":["ErrorBoundary"],"fullName":"ErrorBoundary shows error message in DEV mode","status":"passed","title":"shows error message in DEV mode","duration":5.670500040054321,"failureMessages":[],"meta":{}},{"ancestorTitles":["ErrorBoundary"],"fullName":"ErrorBoundary hides error message in production","status":"passed","title":"hides error message in production","duration":4.840291976928711,"failureMessages":[],"meta":{}},{"ancestorTitles":["ErrorBoundary"],"fullName":"ErrorBoundary resets error when try again is clicked","status":"passed","title":"resets error when try again is clicked","duration":25.830708026885986,"failureMessages":[],"meta":{}},{"ancestorTitles":["ErrorBoundary"],"fullName":"ErrorBoundary handles null error gracefully","status":"failed","title":"handles null error gracefully","duration":2.319000005722046,"failureMessages":["Error: boom\n    at Boom.render (/Users/soheegoo/UofT/MarkusLLMTeachCS/CSC490/ArtGuard/src/apps/frontend/src/app/components/ErrorBoundary.test.tsx:9:32)\n    at finishClassComponent (/Users/soheegoo/UofT/MarkusLLMTeachCS/CSC490/ArtGuard/src/apps/frontend/node_modules/react-dom/cjs/react-dom.development.js:19781:31)\n    at updateClassComponent (/Users/soheegoo/UofT/MarkusLLMTeachCS/CSC490/ArtGuard/src/apps/frontend/node_modules/react-dom/cjs/react-dom.development.js:19727:24)\n    at beginWork (/Users/soheegoo/UofT/MarkusLLMTeachCS/CSC490/ArtGuard/src/apps/frontend/node_modules/react-dom/cjs/react-dom.development.js:21650:16)\n    at beginWork$1 (/Users/soheegoo/UofT/MarkusLLMTeachCS/CSC490/ArtGuard/src/apps/frontend/node_modules/react-dom/cjs/react-dom.development.js:27465:14)\n    at performUnitOfWork (/Users/soheegoo/UofT/MarkusLLMTeachCS/CSC490/ArtGuard/src/apps/frontend/node_modules/react-dom/cjs/react-dom.development.js:26599:12)\n    at workLoopSync (/Users/soheegoo/UofT/MarkusLLMTeachCS/CSC490/ArtGuard/src/apps/frontend/node_modules/react-dom/cjs/react-dom.development.js:26505:5)\n    at renderRootSync (/Users/soheegoo/UofT/MarkusLLMTeachCS/CSC490/ArtGuard/src/apps/frontend/node_modules/react-dom/cjs/react-dom.development.js:26473:7)\n    at recoverFromConcurrentError (/Users/soheegoo/UofT/MarkusLLMTeachCS/CSC490/ArtGuard/src/apps/frontend/node_modules/react-dom/cjs/react-dom.development.js:25889:20)\n    at performConcurrentWorkOnRoot (/Users/soheegoo/UofT/MarkusLLMTeachCS/CSC490/ArtGuard/src/apps/frontend/node_modules/react-dom/cjs/react-dom.development.js:25789:22)"],"meta":{}},{"ancestorTitles":["ErrorBoundary"],"fullName":"ErrorBoundary handles getDerivedStateFromError correctly","status":"passed","title":"handles getDerivedStateFromError correctly","duration":4.43654191493988,"failureMessages":[],"meta":{}},{"ancestorTitles":["ErrorBoundary"],"fullName":"ErrorBoundary handles componentDidCatch correctly","status":"passed","title":"handles componentDidCatch correctly","duration":4.515957951545715,"failureMessages":[],"meta":{}}],"startTime":1774651100597,"endTime":1774651100771.5159,"status":"failed","message":"","name":"/Users/soheegoo/UofT/MarkusLLMTeachCS/CSC490/ArtGuard/src/apps/frontend/src/app/components/ErrorBoundary.test.tsx"},{"assertionResults":[{"ancestorTitles":["Header"],"fullName":"Header renders ArtGuard logo link","status":"passed","title":"renders ArtGuard logo link","duration":61.20650005340576,"failureMessages":[],"meta":{}},{"ancestorTitles":["Header"],"fullName":"Header shows auth link when showAuthLinks is true","status":"passed","title":"shows auth link when showAuthLinks is true","duration":6.713915944099426,"failureMessages":[],"meta":{}},{"ancestorTitles":["Header"],"fullName":"Header does not show auth link when showAuthLinks is false","status":"passed","title":"does not show auth link when showAuthLinks is false","duration":3.509999990463257,"failureMessages":[],"meta":{}},{"ancestorTitles":["Header"],"fullName":"Header shows Upload and History nav links when authenticated","status":"passed","title":"shows Upload and History nav links when authenticated","duration":23.465582966804504,"failureMessages":[],"meta":{}},{"ancestorTitles":["Header"],"fullName":"Header shows username in dropdown trigger when authenticated","status":"passed","title":"shows username in dropdown trigger when authenticated","duration":5.754417061805725,"failureMessages":[],"meta":{}},{"ancestorTitles":["Header"],"fullName":"Header does not show nav links when unauthenticated","status":"passed","title":"does not show nav links when unauthenticated","duration":3.5635420083999634,"failureMessages":[],"meta":{}},{"ancestorTitles":["Header"],"fullName":"Header calls logout when Log out is clicked","status":"passed","title":"calls logout when Log out is clicked","duration":93.74020791053772,"failureMessages":[],"meta":{}},{"ancestorTitles":["Header"],"fullName":"Header dropdown contains Profile link","status":"failed","title":"dropdown contains Profile link","duration":76.13641703128815,"failureMessages":["TestingLibraryElementError: Unable to find an accessible element with the role \"link\" and name `/profile/i`\n\nHere are the accessible roles:\n\n  menu:\n\n  Name \"testuser\":\n  \u001b[36m<div\u001b[39m\n    \u001b[33maria-labelledby\u001b[39m=\u001b[32m\"radix-:r8:\"\u001b[39m\n    \u001b[33maria-orientation\u001b[39m=\u001b[32m\"vertical\"\u001b[39m\n    \u001b[33mclass\u001b[39m=\u001b[32m\"bg-popover text-popover-foreground data-[state=open]:animate-in data-[state=closed]:animate-out data-[state=closed]:fade-out-0 data-[state=open]:fade-in-0 data-[state=closed]:zoom-out-95 data-[state=open]:zoom-in-95 data-[side=bottom]:slide-in-from-top-2 data-[side=left]:slide-in-from-right-2 data-[side=right]:slide-in-from-left-2 data-[side=top]:slide-in-from-bottom-2 z-50 max-h-(--radix-dropdown-menu-content-available-height) min-w-[8rem] origin-(--radix-dropdown-menu-content-transform-origin) overflow-x-hidden overflow-y-auto border p-1 shadow-md rounded-none border-border\"\u001b[39m\n    \u001b[33mdata-align\u001b[39m=\u001b[32m\"end\"\u001b[39m\n    \u001b[33mdata-orientation\u001b[39m=\u001b[32m\"vertical\"\u001b[39m\n    \u001b[33mdata-radix-menu-content\u001b[39m=\u001b[32m\"\"\u001b[39m\n    \u001b[33mdata-side\u001b[39m=\u001b[32m\"bottom\"\u001b[39m\n    \u001b[33mdata-slot\u001b[39m=\u001b[32m\"dropdown-menu-content\"\u001b[39m\n    \u001b[33mdata-state\u001b[39m=\u001b[32m\"open\"\u001b[39m\n    \u001b[33mdir\u001b[39m=\u001b[32m\"ltr\"\u001b[39m\n    \u001b[33mid\u001b[39m=\u001b[32m\"radix-:r9:\"\u001b[39m\n    \u001b[33mrole\u001b[39m=\u001b[32m\"menu\"\u001b[39m\n    \u001b[33mstyle\u001b[39m=\u001b[32m\"outline: none; --radix-dropdown-menu-content-transform-origin: var(--radix-popper-transform-origin); --radix-dropdown-menu-content-available-width: var(--radix-popper-available-width); --radix-dropdown-menu-content-available-height: var(--radix-popper-available-height); --radix-dropdown-menu-trigger-width: var(--radix-popper-anchor-width); --radix-dropdown-menu-trigger-height: var(--radix-popper-anchor-height); pointer-events: auto;\"\u001b[39m\n    \u001b[33mtabindex\u001b[39m=\u001b[32m\"-1\"\u001b[39m\n  \u001b[36m/>\u001b[39m\n\n  --------------------------------------------------\n  menuitem:\n\n  Name \"Profile\":\n  \u001b[36m<a\u001b[39m\n    \u001b[33mclass\u001b[39m=\u001b[32m\"focus:bg-accent focus:text-accent-foreground data-[variant=destructive]:text-destructive data-[variant=destructive]:focus:bg-destructive/10 dark:data-[variant=destructive]:focus:bg-destructive/20 data-[variant=destructive]:focus:text-destructive data-[variant=destructive]:*:[svg]:!text-destructive [&_svg:not([class*='text-'])]:text-muted-foreground relative flex cursor-default items-center gap-2 rounded-sm px-2 py-1.5 text-sm outline-hidden select-none data-[disabled]:pointer-events-none data-[disabled]:opacity-50 data-[inset]:pl-8 [&_svg]:pointer-events-none [&_svg]:shrink-0 [&_svg:not([class*='size-'])]:size-4 cursor-pointer font-sans\"\u001b[39m\n    \u001b[33mdata-discover\u001b[39m=\u001b[32m\"true\"\u001b[39m\n    \u001b[33mdata-orientation\u001b[39m=\u001b[32m\"vertical\"\u001b[39m\n    \u001b[33mdata-radix-collection-item\u001b[39m=\u001b[32m\"\"\u001b[39m\n    \u001b[33mdata-slot\u001b[39m=\u001b[32m\"dropdown-menu-item\"\u001b[39m\n    \u001b[33mdata-variant\u001b[39m=\u001b[32m\"default\"\u001b[39m\n    \u001b[33mhref\u001b[39m=\u001b[32m\"/profile\"\u001b[39m\n    \u001b[33mrole\u001b[39m=\u001b[32m\"menuitem\"\u001b[39m\n    \u001b[33mtabindex\u001b[39m=\u001b[32m\"-1\"\u001b[39m\n  \u001b[36m/>\u001b[39m\n\n  Name \"Log out\":\n  \u001b[36m<div\u001b[39m\n    \u001b[33mclass\u001b[39m=\u001b[32m\"focus:bg-accent focus:text-accent-foreground data-[variant=destructive]:text-destructive data-[variant=destructive]:focus:bg-destructive/10 dark:data-[variant=destructive]:focus:bg-destructive/20 data-[variant=destructive]:focus:text-destructive data-[variant=destructive]:*:[svg]:!text-destructive [&_svg:not([class*='text-'])]:text-muted-foreground relative flex cursor-default items-center gap-2 rounded-sm px-2 py-1.5 text-sm outline-hidden select-none data-[disabled]:pointer-events-none data-[disabled]:opacity-50 data-[inset]:pl-8 [&_svg]:pointer-events-none [&_svg]:shrink-0 [&_svg:not([class*='size-'])]:size-4 font-sans\"\u001b[39m\n    \u001b[33mdata-orientation\u001b[39m=\u001b[32m\"vertical\"\u001b[39m\n    \u001b[33mdata-radix-collection-item\u001b[39m=\u001b[32m\"\"\u001b[39m\n    \u001b[33mdata-slot\u001b[39m=\u001b[32m\"dropdown-menu-item\"\u001b[39m\n    \u001b[33mdata-variant\u001b[39m=\u001b[32m\"default\"\u001b[39m\n    \u001b[33mrole\u001b[39m=\u001b[32m\"menuitem\"\u001b[39m\n    \u001b[33mtabindex\u001b[39m=\u001b[32m\"-1\"\u001b[39m\n  \u001b[36m/>\u001b[39m\n\n  --------------------------------------------------\n  separator:\n\n  Name \"\":\n  \u001b[36m<div\u001b[39m\n    \u001b[33maria-orientation\u001b[39m=\u001b[32m\"horizontal\"\u001b[39m\n    \u001b[33mclass\u001b[39m=\u001b[32m\"bg-border -mx-1 my-1 h-px\"\u001b[39m\n    \u001b[33mdata-slot\u001b[39m=\u001b[32m\"dropdown-menu-separator\"\u001b[39m\n    \u001b[33mrole\u001b[39m=\u001b[32m\"separator\"\u001b[39m\n  \u001b[36m/>\u001b[39m\n\n  --------------------------------------------------\n\nIgnored nodes: comments, script, style\n\u001b[36m<body\u001b[39m\n  \u001b[33mdata-scroll-locked\u001b[39m=\u001b[32m\"1\"\u001b[39m\n  \u001b[33mstyle\u001b[39m=\u001b[32m\"pointer-events: none;\"\u001b[39m\n\u001b[36m>\u001b[39m\n  \u001b[36m<span\u001b[39m\n    \u001b[33maria-hidden\u001b[39m=\u001b[32m\"true\"\u001b[39m\n    \u001b[33mdata-aria-hidden\u001b[39m=\u001b[32m\"true\"\u001b[39m\n    \u001b[33mdata-radix-focus-guard\u001b[39m=\u001b[32m\"\"\u001b[39m\n    \u001b[33mstyle\u001b[39m=\u001b[32m\"outline: none; opacity: 0; position: fixed; pointer-events: none;\"\u001b[39m\n    \u001b[33mtabindex\u001b[39m=\u001b[32m\"0\"\u001b[39m\n  \u001b[36m/>\u001b[39m\n  \u001b[36m<div\u001b[39m\n    \u001b[33maria-hidden\u001b[39m=\u001b[32m\"true\"\u001b[39m\n    \u001b[33mdata-aria-hidden\u001b[39m=\u001b[32m\"true\"\u001b[39m\n  \u001b[36m>\u001b[39m\n    \u001b[36m<header\u001b[39m\n      \u001b[33mclass\u001b[39m=\u001b[32m\"border-b border-border bg-background\"\u001b[39m\n    \u001b[36m>\u001b[39m\n      \u001b[36m<div\u001b[39m\n        \u001b[33mclass\u001b[39m=\u001b[32m\"mx-auto flex max-w-6xl items-center justify-between px-6 py-6\"\u001b[39m\n      \u001b[36m>\u001b[39m\n        \u001b[36m<a\u001b[39m\n          \u001b[33mclass\u001b[39m=\u001b[32m\"font-serif text-xl font-normal tracking-tight text-foreground\"\u001b[39m\n          \u001b[33mdata-discover\u001b[39m=\u001b[32m\"true\"\u001b[39m\n          \u001b[33mhref\u001b[39m=\u001b[32m\"/\"\u001b[39m\n        \u001b[36m>\u001b[39m\n          \u001b[0mArtGuard\u001b[0m\n        \u001b[36m</a>\u001b[39m\n        \u001b[36m<div\u001b[39m\n          \u001b[33mclass\u001b[39m=\u001b[32m\"flex items-center gap-6 md:gap-8\"\u001b[39m\n        \u001b[36m>\u001b[39m\n          \u001b[36m<nav\u001b[39m\n            \u001b[33mclass\u001b[39m=\u001b[32m\"flex flex-wrap items-center justify-end gap-x-5 gap-y-2\"\u001b[39m\n          \u001b[36m>\u001b[39m\n            \u001b[36m<a\u001b[39m\n              \u001b[33mclass\u001b[39m=\u001b[32m\"font-sans text-sm text-muted-foreground transition-colors hover:text-foreground\"\u001b[39m\n              \u001b[33mdata-discover\u001b[39m=\u001b[32m\"true\"\u001b[39m\n              \u001b[33mhref\u001b[39m=\u001b[32m\"/upload\"\u001b[39m\n            \u001b[36m>\u001b[39m\n              \u001b[0mUpload\u001b[0m\n            \u001b[36m</a>\u001b[39m\n            \u001b[36m<a\u001b[39m\n              \u001b[33mclass\u001b[39m=\u001b[32m\"font-sans text-sm text-muted-foreground transition-colors hover:text-foreground\"\u001b[39m\n              \u001b[33mdata-discover\u001b[39m=\u001b[32m\"true\"\u001b[39m\n              \u001b[33mhref\u001b[39m=\u001b[32m\"/history\"\u001b[39m\n            \u001b[36m>\u001b[39m\n              \u001b[0mHistory\u001b[0m\n            \u001b[36m</a>\u001b[39m\n          \u001b[36m</nav>\u001b[39m\n          \u001b[36m<button\u001b[39m\n            \u001b[33maria-controls\u001b[39m=\u001b[32m\"radix-:r9:\"\u001b[39m\n            \u001b[33maria-expanded\u001b[39m=\u001b[32m\"true\"\u001b[39m\n            \u001b[33maria-haspopup\u001b[39m=\u001b[32m\"menu\"\u001b[39m\n            \u001b[33mclass\u001b[39m=\u001b[32m\"inline-flex items-center justify-center gap-2 whitespace-nowrap font-medium transition-all disabled:pointer-events-none disabled:opacity-50 [&_svg]:pointer-events-none [&_svg:not([class*='size-'])]:size-4 shrink-0 [&_svg]:shrink-0 outline-none focus-visible:border-ring focus-visible:ring-ring/50 focus-visible:ring-[3px] aria-invalid:ring-destructive/20 dark:aria-invalid:ring-destructive/40 aria-invalid:border-destructive dark:hover:bg-accent/50 py-2 has-[>svg]:px-3 h-auto rounded-none px-0 font-sans text-sm text-muted-foreground hover:bg-transparent hover:text-foreground\"\u001b[39m\n            \u001b[33mdata-slot\u001b[39m=\u001b[32m\"dropdown-menu-trigger\"\u001b[39m\n            \u001b[33mdata-state\u001b[39m=\u001b[32m\"open\"\u001b[39m\n            \u001b[33mid\u001b[39m=\u001b[32m\"radix-:r8:\"\u001b[39m\n            \u001b[33mtype\u001b[39m=\u001b[32m\"button\"\u001b[39m\n          \u001b[36m>\u001b[39m\n            \u001b[36m<svg\u001b[39m\n              \u001b[33mclass\u001b[39m=\u001b[32m\"lucide lucide-user size-4 mr-2 opacity-60\"\u001b[39m\n              \u001b[33mfill\u001b[39m=\u001b[32m\"none\"\u001b[39m\n              \u001b[33mheight\u001b[39m=\u001b[32m\"24\"\u001b[39m\n              \u001b[33mstroke\u001b[39m=\u001b[32m\"currentColor\"\u001b[39m\n              \u001b[33mstroke-linecap\u001b[39m=\u001b[32m\"round\"\u001b[39m\n              \u001b[33mstroke-linejoin\u001b[39m=\u001b[32m\"round\"\u001b[39m\n              \u001b[33mstroke-width\u001b[39m=\u001b[32m\"2\"\u001b[39m\n              \u001b[33mviewBox\u001b[39m=\u001b[32m\"0 0 24 24\"\u001b[39m\n              \u001b[33mwidth\u001b[39m=\u001b[32m\"24\"\u001b[39m\n              \u001b[33mxmlns\u001b[39m=\u001b[32m\"http://www.w3.org/2000/svg\"\u001b[39m\n            \u001b[36m>\u001b[39m\n              \u001b[36m<path\u001b[39m\n                \u001b[33md\u001b[39m=\u001b[32m\"M19 21v-2a4 4 0 0 0-4-4H9a4 4 0 0 0-4 4v2\"\u001b[39m\n              \u001b[36m/>\u001b[39m\n              \u001b[36m<circle\u001b[39m\n                \u001b[33mcx\u001b[39m=\u001b[32m\"12\"\u001b[39m\n                \u001b[33mcy\u001b[39m=\u001b[32m\"7\"\u001b[39m\n                \u001b[33mr\u001b[39m=\u001b[32m\"4\"\u001b[39m\n              \u001b[36m/>\u001b[39m\n            \u001b[36m</svg>\u001b[39m\n            \u001b[0mtestuser\u001b[0m\n          \u001b[36m</button>\u001b[39m\n        \u001b[36m</div>\u001b[39m\n      \u001b[36m</div>\u001b[39m\n    \u001b[36m</header>\u001b[39m\n  \u001b[36m</div>\u001b[39m\n  \u001b[36m<div\u001b[39m\n    \u001b[33mdata-radix-popper-content-wrapper\u001b[39m=\u001b[32m\"\"\u001b[39m\n    \u001b[33mdir\u001b[39m=\u001b[32m\"ltr\"\u001b[39m\n    \u001b[33mstyle\u001b[39m=\u001b[32m\"position: fixed; left: 0px; top: 0px; transform: translate(0px, 4px); min-width: max-content; --radix-popper-available-width: 0px; --radix-popper-available-height: -4px; --radix-popper-anchor-width: 0px; --radix-popper-anchor-height: 0px; --radix-popper-transform-origin: 100% 0px;\"\u001b[39m\n  \u001b[36m>\u001b[39m\n    \u001b[36m<div\u001b[39m\n      \u001b[33maria-labelledby\u001b[39m=\u001b[32m\"radix-:r8:\"\u001b[39m\n      \u001b[33maria-orientation\u001b[39m=\u001b[32m\"vertical\"\u001b[39m\n      \u001b[33mclass\u001b[39m=\u001b[32m\"bg-popover text-popover-foreground data-[state=open]:animate-in data-[state=closed]:animate-out data-[state=closed]:fade-out-0 data-[state=open]:fade-in-0 data-[state=closed]:zoom-out-95 data-[state=open]:zoom-in-95 data-[side=bottom]:slide-in-from-top-2 data-[side=left]:slide-in-from-right-2 data-[side=right]:slide-in-from-left-2 data-[side=top]:slide-in-from-bottom-2 z-50 max-h-(--radix-dropdown-menu-content-available-height) min-w-[8rem] origin-(--radix-dropdown-menu-content-transform-origin) overflow-x-hidden overflow-y-auto border p-1 shadow-md rounded-none border-border\"\u001b[39m\n      \u001b[33mdata-align\u001b[39m=\u001b[32m\"end\"\u001b[39m\n      \u001b[33mdata-orientation\u001b[39m=\u001b[32m\"vertical\"\u001b[39m\n      \u001b[33mdata-radix-menu-content\u001b[39m=\u001b[32m\"\"\u001b[39m\n      \u001b[33mdata-side\u001b[39m=\u001b[32m\"bottom\"\u001b[39m\n      \u001b[33mdata-slot\u001b[39m=\u001b[32m\"dropdown-menu-content\"\u001b[39m\n      \u001b[33mdata-state\u001b[39m=\u001b[32m\"open\"\u001b[39m\n      \u001b[33mdir\u001b[39m=\u001b[32m\"ltr\"\u001b[39m\n      \u001b[33mid\u001b[39m=\u001b[32m\"radix-:r9:\"\u001b[39m\n      \u001b[33mrole\u001b[39m=\u001b[32m\"menu\"\u001b[39m\n      \u001b[33mstyle\u001b[39m=\u001b[32m\"outline: none; --radix-dropdown-menu-content-transform-origin: var(--radix-popper-transform-origin); --radix-dropdown-menu-content-available-width: var(--radix-popper-available-width); --radix-dropdown-menu-content-available-height: var(--radix-popper-available-height); --radix-dropdown-menu-trigger-width: var(--radix-popper-anchor-width); --radix-dropdown-menu-trigger-height: var(--radix-popper-anchor-height); pointer-events: auto;\"\u001b[39m\n      \u001b[33mtabindex\u001b[39m=\u001b[32m\"-1\"\u001b[39m\n    \u001b[36m>\u001b[39m\n      \u001b[36m<a\u001b[39m\n        \u001b[33mclass\u001b[39m=\u001b[32m\"focus:bg-accent focus:text-accent-foreground data-[variant=destructive]:text-destructive data-[variant=destructive]:focus:bg-destructive/10 dark:data-[variant=destructive]:focus:bg-destructive/20 data-[variant=destructive]:focus:text-destructive data-[variant=destructive]:*:[svg]:!text-destructive [&_svg:not([class*='text-'])]:text-muted-foreground relative flex cursor-default items-center gap-2 rounded-sm px-2 py-1.5 text-sm outline-hidden select-none data-[disabled]:pointer-events-none data-[disabled]:opacity-50 data-[inset]:pl-8 [&_svg]:pointer-events-none [&_svg]:shrink-0 [&_svg:not([class*='size-'])]:size-4 cursor-pointer font-sans\"\u001b[39m\n        \u001b[33mdata-discover\u001b[39m=\u001b[32m\"true\"\u001b[39m\n        \u001b[33mdata-orientation\u001b[39m=\u001b[32m\"vertical\"\u001b[39m\n        \u001b[33mdata-radix-collection-item\u001b[39m=\u001b[32m\"\"\u001b[39m\n        \u001b[33mdata-slot\u001b[39m=\u001b[32m\"dropdown-menu-item\"\u001b[39m\n        \u001b[33mdata-variant\u001b[39m=\u001b[32m\"default\"\u001b[39m\n        \u001b[33mhref\u001b[39m=\u001b[32m\"/profile\"\u001b[39m\n        \u001b[33mrole\u001b[39m=\u001b[32m\"menuitem\"\u001b[39m\n        \u001b[33mtabindex\u001b[39m=\u001b[32m\"-1\"\u001b[39m\n      \u001b[36m>\u001b[39m\n        \u001b[36m<svg\u001b[39m\n          \u001b[33mclass\u001b[39m=\u001b[32m\"lucide lucide-circle-user size-4 mr-2 opacity-60\"\u001b[39m\n          \u001b[33mfill\u001b[39m=\u001b[32m\"none\"\u001b[39m\n          \u001b[33mheight\u001b[39m=\u001b[32m\"24\"\u001b[39m\n          \u001b[33mstroke\u001b[39m=\u001b[32m\"currentColor\"\u001b[39m\n          \u001b[33mstroke-linecap\u001b[39m=\u001b[32m\"round\"\u001b[39m\n          \u001b[33mstroke-linejoin\u001b[39m=\u001b[32m\"round\"\u001b[39m\n          \u001b[33mstroke-width\u001b[39m=\u001b[32m\"2\"\u001b[39m\n          \u001b[33mviewBox\u001b[39m=\u001b[32m\"0 0 24 24\"\u001b[39m\n          \u001b[33mwidth\u001b[39m=\u001b[32m\"24\"\u001b[39m\n          \u001b[33mxmlns\u001b[39m=\u001b[32m\"http://www.w3.org/2000/svg\"\u001b[39m\n        \u001b[36m>\u001b[39m\n          \u001b[36m<circle\u001b[39m\n            \u001b[33mcx\u001b[39m=\u001b[32m\"12\"\u001b[39m\n            \u001b[33mcy\u001b[39m=\u001b[32m\"12\"\u001b[39m\n            \u001b[33mr\u001b[39m=\u001b[32m\"10\"\u001b[39m\n          \u001b[36m/>\u001b[39m\n          \u001b[36m<circle\u001b[39m\n            \u001b[33mcx\u001b[39m=\u001b[32m\"12\"\u001b[39m\n            \u001b[33mcy\u001b[39m=\u001b[32m\"10\"\u001b[39m\n            \u001b[33mr\u001b[39m=\u001b[32m\"3\"\u001b[39m\n          \u001b[36m/>\u001b[39m\n          \u001b[36m<path\u001b[39m\n            \u001b[33md\u001b[39m=\u001b[32m\"M7 20.662V19a2 2 0 0 1 2-2h6a2 2 0 0 1 2 2v1.662\"\u001b[39m\n          \u001b[36m/>\u001b[39m\n        \u001b[36m</svg>\u001b[39m\n        \u001b[0mProfile\u001b[0m\n      \u001b[36m</a>\u001b[39m\n      \u001b[36m<div\u001b[39m\n        \u001b[33maria-orientation\u001b[39m=\u001b[32m\"horizontal\"\u001b[39m\n        \u001b[33mclass\u001b[39m=\u001b[32m\"bg-border -mx-1 my-1 h-px\"\u001b[39m\n        \u001b[33mdata-slot\u001b[39m=\u001b[32m\"dropdown-menu-separator\"\u001b[39m\n        \u001b[33mrole\u001b[39m=\u001b[32m\"separator\"\u001b[39m\n      \u001b[36m/>\u001b[39m\n      \u001b[36m<div\u001b[39m\n        \u001b[33mclass\u001b[39m=\u001b[32m\"focus:bg-accent focus:text-accent-foreground data-[variant=destructive]:text-destructive data-[variant=destructive]:focus:bg-destructive/10 dark:data-[variant=destructive]:focus:bg-destructive/20 data-[variant=destructive]:focus:text-destructive data-[variant=destructive]:*:[svg]:!text-destructive [&_svg:not([class*='text-'])]:text-muted-foreground relative flex cursor-default items-center gap-2 rounded-sm px-2 py-1.5 text-sm outline-hidden select-none data-[disabled]:pointer-events-none data-[disabled]:opacity-50 data-[inset]:pl-8 [&_svg]:pointer-events-none [&_svg]:shrink-0 [&_svg:not([class*='size-'])]:size-4 font-sans\"\u001b[39m\n        \u001b[33mdata-orientation\u001b[39m=\u001b[32m\"vertical\"\u001b[39m\n        \u001b[33mdata-radix-collection-item\u001b[39m=\u001b[32m\"\"\u001b[39m\n        \u001b[33mdata-slot\u001b[39m=\u001b[32m\"dropdown-menu-item\"\u001b[39m\n        \u001b[33mdata-variant\u001b[39m=\u001b[32m\"default\"\u001b[39m\n        \u001b[33mrole\u001b[39m=\u001b[32m\"menuitem\"\u001b[39m\n        \u001b[33mtabindex\u001b[39m=\u001b[32m\"-1\"\u001b[39m\n      \u001b[36m>\u001b[39m\n        \u001b[36m<svg\u001b[39m\n          \u001b[33mclass\u001b[39m=\u001b[32m\"lucide lucide-log-out size-4 mr-2 opacity-60\"\u001b[39m\n          \u001b[33mfill\u001b[39m=\u001b[32m\"none\"\u001b[39m\n          \u001b[33mheight\u001b[39m=\u001b[32m\"24\"\u001b[39m\n          \u001b[33mstroke\u001b[39m=\u001b[32m\"currentColor\"\u001b[39m\n          \u001b[33mstroke-linecap\u001b[39m=\u001b[32m\"round\"\u001b[39m\n          \u001b[33mstroke-linejoin\u001b[39m=\u001b[32m\"round\"\u001b[39m\n          \u001b[33mstroke-width\u001b[39m=\u001b[32m\"2\"\u001b[39m\n          \u001b[33mviewBox\u001b[39m=\u001b[32m\"0 0 24 24\"\u001b[39m\n          \u001b[33mwidth\u001b[39m=\u001b[32m\"24\"\u001b[39m\n          \u001b[33mxmlns\u001b[39m=\u001b[32m\"http://www.w3.org/2000/svg\"\u001b[39m\n        \u001b[36m>\u001b[39m\n          \u001b[36m<path\u001b[39m\n            \u001b[33md\u001b[39m=\u001b[32m\"M9 21H5a2 2 0 0 1-2-2V5a2 2 0 0 1 2-2h4\"\u001b[39m\n          \u001b[36m/>\u001b[39m\n          \u001b[36m<polyline\u001b[39m\n            \u001b[33mpoints\u001b[39m=\u001b[32m\"16 17 21 12 16 7\"\u001b[39m\n          \u001b[36m/>\u001b[39m\n          \u001b[36m<line\u001b[39m\n            \u001b[33mx1\u001b[39m=\u001b[32m\"21\"\u001b[39m\n            \u001b[33mx2\u001b[39m=\u001b[32m\"9\"\u001b[39m\n            \u001b[33my1\u001b[39m=\u001b[32m\"12\"\u001b[39m\n            \u001b[33my2\u001b[39m=\u001b[32m\"12\"\u001b[39m\n          \u001b[36m/>\u001b[39m\n        \u001b[36m</svg>\u001b[39m\n        \u001b[0mLog out\u001b[0m\n      \u001b[36m</div>\u001b[39m\n    \u001b[36m</div>\u001b[39m\n  \u001b[36m</div>\u001b[39m\n  \u001b[36m<span\u001b[39m\n    \u001b[33maria-hidden\u001b[39m=\u001b[32m\"true\"\u001b[39m\n    \u001b[33mdata-aria-hidden\u001b[39m=\u001b[32m\"true\"\u001b[39m\n    \u001b[33mdata-radix-focus-guard\u001b[39m=\u001b[32m\"\"\u001b[39m\n    \u001b[33mstyle\u001b[39m=\u001b[32m\"outline: none; opacity: 0; position: fixed; pointer-events: none;\"\u001b[39m\n    \u001b[33mtabindex\u001b[39m=\u001b[32m\"0\"\u001b[39m\n  \u001b[36m/>\u001b[39m\n\u001b[36m</body>\u001b[39m\n    at Object.getElementError (/Users/soheegoo/UofT/MarkusLLMTeachCS/CSC490/ArtGuard/src/apps/frontend/node_modules/@testing-library/dom/dist/config.js:37:19)\n    at /Users/soheegoo/UofT/MarkusLLMTeachCS/CSC490/ArtGuard/src/apps/frontend/node_modules/@testing-library/dom/dist/query-helpers.js:76:38\n    at /Users/soheegoo/UofT/MarkusLLMTeachCS/CSC490/ArtGuard/src/apps/frontend/node_modules/@testing-library/dom/dist/query-helpers.js:52:17\n    at /Users/soheegoo/UofT/MarkusLLMTeachCS/CSC490/ArtGuard/src/apps/frontend/node_modules/@testing-library/dom/dist/query-helpers.js:95:19\n    at /Users/soheegoo/UofT/MarkusLLMTeachCS/CSC490/ArtGuard/src/apps/frontend/src/app/components/Header.test.tsx:109:19\n    at file:///Users/soheegoo/UofT/MarkusLLMTeachCS/CSC490/ArtGuard/src/apps/frontend/node_modules/@vitest/runner/dist/chunk-hooks.js:752:20"],"meta":{}},{"ancestorTitles":["Header"],"fullName":"Header has correct header structure","status":"passed","title":"has correct header structure","duration":3.730041980743408,"failureMessages":[],"meta":{}},{"ancestorTitles":["Header"],"fullName":"Header handles loading state correctly","status":"failed","title":"handles loading state correctly","duration":6.268959045410156,"failureMessages":["TestingLibraryElementError: Unable to find an accessible element with the role \"link\" and name \"Sign Up\"\n\nHere are the accessible roles:\n\n  banner:\n\n  Name \"\":\n  \u001b[36m<header\u001b[39m\n    \u001b[33mclass\u001b[39m=\u001b[32m\"border-b border-border bg-background\"\u001b[39m\n  \u001b[36m/>\u001b[39m\n\n  --------------------------------------------------\n  link:\n\n  Name \"ArtGuard\":\n  \u001b[36m<a\u001b[39m\n    \u001b[33mclass\u001b[39m=\u001b[32m\"font-serif text-xl font-normal tracking-tight text-foreground\"\u001b[39m\n    \u001b[33mdata-discover\u001b[39m=\u001b[32m\"true\"\u001b[39m\n    \u001b[33mhref\u001b[39m=\u001b[32m\"/\"\u001b[39m\n  \u001b[36m/>\u001b[39m\n\n  --------------------------------------------------\n\nIgnored nodes: comments, script, style\n\u001b[36m<body\u001b[39m\n  \u001b[33mstyle\u001b[39m=\u001b[32m\"\"\u001b[39m\n\u001b[36m>\u001b[39m\n  \u001b[36m<div>\u001b[39m\n    \u001b[36m<header\u001b[39m\n      \u001b[33mclass\u001b[39m=\u001b[32m\"border-b border-border bg-background\"\u001b[39m\n    \u001b[36m>\u001b[39m\n      \u001b[36m<div\u001b[39m\n        \u001b[33mclass\u001b[39m=\u001b[32m\"mx-auto flex max-w-6xl items-center justify-between px-6 py-6\"\u001b[39m\n      \u001b[36m>\u001b[39m\n        \u001b[36m<a\u001b[39m\n          \u001b[33mclass\u001b[39m=\u001b[32m\"font-serif text-xl font-normal tracking-tight text-foreground\"\u001b[39m\n          \u001b[33mdata-discover\u001b[39m=\u001b[32m\"true\"\u001b[39m\n          \u001b[33mhref\u001b[39m=\u001b[32m\"/\"\u001b[39m\n        \u001b[36m>\u001b[39m\n          \u001b[0mArtGuard\u001b[0m\n        \u001b[36m</a>\u001b[39m\n        \u001b[36m<div\u001b[39m\n          \u001b[33mclass\u001b[39m=\u001b[32m\"flex items-center gap-6 md:gap-8\"\u001b[39m\n        \u001b[36m/>\u001b[39m\n      \u001b[36m</div>\u001b[39m\n    \u001b[36m</header>\u001b[39m\n  \u001b[36m</div>\u001b[39m\n\u001b[36m</body>\u001b[39m\n    at Object.getElementError (/Users/soheegoo/UofT/MarkusLLMTeachCS/CSC490/ArtGuard/src/apps/frontend/node_modules/@testing-library/dom/dist/config.js:37:19)\n    at /Users/soheegoo/UofT/MarkusLLMTeachCS/CSC490/ArtGuard/src/apps/frontend/node_modules/@testing-library/dom/dist/query-helpers.js:76:38\n    at /Users/soheegoo/UofT/MarkusLLMTeachCS/CSC490/ArtGuard/src/apps/frontend/node_modules/@testing-library/dom/dist/query-helpers.js:52:17\n    at /Users/soheegoo/UofT/MarkusLLMTeachCS/CSC490/ArtGuard/src/apps/frontend/node_modules/@testing-library/dom/dist/query-helpers.js:95:19\n    at /Users/soheegoo/UofT/MarkusLLMTeachCS/CSC490/ArtGuard/src/apps/frontend/src/app/components/Header.test.tsx:138:19\n    at file:///Users/soheegoo/UofT/MarkusLLMTeachCS/CSC490/ArtGuard/src/apps/frontend/node_modules/@vitest/runner/dist/chunk-hooks.js:155:11\n    at file:///Users/soheegoo/UofT/MarkusLLMTeachCS/CSC490/ArtGuard/src/apps/frontend/node_modules/@vitest/runner/dist/chunk-hooks.js:752:26\n    at file:///Users/soheegoo/UofT/MarkusLLMTeachCS/CSC490/ArtGuard/src/apps/frontend/node_modules/@vitest/runner/dist/chunk-hooks.js:1897:20\n    at new Promise (<anonymous>)\n    at runWithTimeout (file:///Users/soheegoo/UofT/MarkusLLMTeachCS/CSC490/ArtGuard/src/apps/frontend/node_modules/@vitest/runner/dist/chunk-hooks.js:1863:10)"],"meta":{}},{"ancestorTitles":["Header"],"fullName":"Header handles null user gracefully","status":"passed","title":"handles null user gracefully","duration":1.5369160175323486,"failureMessages":[],"meta":{}},{"ancestorTitles":["Header"],"fullName":"Header uses custom auth link text","status":"passed","title":"uses custom auth link text","duration":4.019707918167114,"failureMessages":[],"meta":{}},{"ancestorTitles":["Header"],"fullName":"Header handles missing authLinkText gracefully","status":"passed","title":"handles missing authLinkText gracefully","duration":2.2597919702529907,"failureMessages":[],"meta":{}},{"ancestorTitles":["Header"],"fullName":"Header handles missing authLinkTo gracefully","status":"failed","title":"handles missing authLinkTo gracefully","duration":5.237416982650757,"failureMessages":["TestingLibraryElementError: Unable to find an accessible element with the role \"link\" and name \"Sign In\"\n\nHere are the accessible roles:\n\n  banner:\n\n  Name \"\":\n  \u001b[36m<header\u001b[39m\n    \u001b[33mclass\u001b[39m=\u001b[32m\"border-b border-border bg-background\"\u001b[39m\n  \u001b[36m/>\u001b[39m\n\n  --------------------------------------------------\n  link:\n\n  Name \"ArtGuard\":\n  \u001b[36m<a\u001b[39m\n    \u001b[33mclass\u001b[39m=\u001b[32m\"font-serif text-xl font-normal tracking-tight text-foreground\"\u001b[39m\n    \u001b[33mdata-discover\u001b[39m=\u001b[32m\"true\"\u001b[39m\n    \u001b[33mhref\u001b[39m=\u001b[32m\"/\"\u001b[39m\n  \u001b[36m/>\u001b[39m\n\n  --------------------------------------------------\n\nIgnored nodes: comments, script, style\n\u001b[36m<body\u001b[39m\n  \u001b[33mstyle\u001b[39m=\u001b[32m\"\"\u001b[39m\n\u001b[36m>\u001b[39m\n  \u001b[36m<div>\u001b[39m\n    \u001b[36m<header\u001b[39m\n      \u001b[33mclass\u001b[39m=\u001b[32m\"border-b border-border bg-background\"\u001b[39m\n    \u001b[36m>\u001b[39m\n      \u001b[36m<div\u001b[39m\n        \u001b[33mclass\u001b[39m=\u001b[32m\"mx-auto flex max-w-6xl items-center justify-between px-6 py-6\"\u001b[39m\n      \u001b[36m>\u001b[39m\n        \u001b[36m<a\u001b[39m\n          \u001b[33mclass\u001b[39m=\u001b[32m\"font-serif text-xl font-normal tracking-tight text-foreground\"\u001b[39m\n          \u001b[33mdata-discover\u001b[39m=\u001b[32m\"true\"\u001b[39m\n          \u001b[33mhref\u001b[39m=\u001b[32m\"/\"\u001b[39m\n        \u001b[36m>\u001b[39m\n          \u001b[0mArtGuard\u001b[0m\n        \u001b[36m</a>\u001b[39m\n        \u001b[36m<div\u001b[39m\n          \u001b[33mclass\u001b[39m=\u001b[32m\"flex items-center gap-6 md:gap-8\"\u001b[39m\n        \u001b[36m/>\u001b[39m\n      \u001b[36m</div>\u001b[39m\n    \u001b[36m</header>\u001b[39m\n  \u001b[36m</div>\u001b[39m\n\u001b[36m</body>\u001b[39m\n    at Object.getElementError (/Users/soheegoo/UofT/MarkusLLMTeachCS/CSC490/ArtGuard/src/apps/frontend/node_modules/@testing-library/dom/dist/config.js:37:19)\n    at /Users/soheegoo/UofT/MarkusLLMTeachCS/CSC490/ArtGuard/src/apps/frontend/node_modules/@testing-library/dom/dist/query-helpers.js:76:38\n    at /Users/soheegoo/UofT/MarkusLLMTeachCS/CSC490/ArtGuard/src/apps/frontend/node_modules/@testing-library/dom/dist/query-helpers.js:52:17\n    at /Users/soheegoo/UofT/MarkusLLMTeachCS/CSC490/ArtGuard/src/apps/frontend/node_modules/@testing-library/dom/dist/query-helpers.js:95:19\n    at /Users/soheegoo/UofT/MarkusLLMTeachCS/CSC490/ArtGuard/src/apps/frontend/src/app/components/Header.test.tsx:193:19\n    at file:///Users/soheegoo/UofT/MarkusLLMTeachCS/CSC490/ArtGuard/src/apps/frontend/node_modules/@vitest/runner/dist/chunk-hooks.js:155:11\n    at file:///Users/soheegoo/UofT/MarkusLLMTeachCS/CSC490/ArtGuard/src/apps/frontend/node_modules/@vitest/runner/dist/chunk-hooks.js:752:26\n    at file:///Users/soheegoo/UofT/MarkusLLMTeachCS/CSC490/ArtGuard/src/apps/frontend/node_modules/@vitest/runner/dist/chunk-hooks.js:1897:20\n    at new Promise (<anonymous>)\n    at runWithTimeout (file:///Users/soheegoo/UofT/MarkusLLMTeachCS/CSC490/ArtGuard/src/apps/frontend/node_modules/@vitest/runner/dist/chunk-hooks.js:1863:10)"],"meta":{}}],"startTime":1774651099481,"endTime":1774651099778.2373,"status":"failed","message":"","name":"/Users/soheegoo/UofT/MarkusLLMTeachCS/CSC490/ArtGuard/src/apps/frontend/src/app/components/Header.test.tsx"},{"assertionResults":[{"ancestorTitles":["PageHeader"],"fullName":"PageHeader renders title, optional description and actions","status":"passed","title":"renders title, optional description and actions","duration":71.18324995040894,"failureMessages":[],"meta":{}},{"ancestorTitles":["PageHeader"],"fullName":"PageHeader omits description and actions when absent","status":"passed","title":"omits description and actions when absent","duration":1.7302500009536743,"failureMessages":[],"meta":{}}],"startTime":1774651113475,"endTime":1774651113547.7302,"status":"passed","message":"","name":"/Users/soheegoo/UofT/MarkusLLMTeachCS/CSC490/ArtGuard/src/apps/frontend/src/app/components/PageHeader.test.tsx"},{"assertionResults":[{"ancestorTitles":["PatchOverlay"],"fullName":"PatchOverlay shows placeholder when imageSrc missing","status":"passed","title":"shows placeholder when imageSrc missing","duration":21.6742080450058,"failureMessages":[],"meta":{}},{"ancestorTitles":["PatchOverlay"],"fullName":"PatchOverlay renders image and toggles overlay controls when patches exist","status":"passed","title":"renders image and toggles overlay controls when patches exist","duration":88.92304193973541,"failureMessages":[],"meta":{}},{"ancestorTitles":["PatchOverlay"],"fullName":"PatchOverlay clears tooltip on mouse leave","status":"passed","title":"clears tooltip on mouse leave","duration":10.316249966621399,"failureMessages":[],"meta":{}}],"startTime":1774651111689,"endTime":1774651111809.3162,"status":"passed","message":"","name":"/Users/soheegoo/UofT/MarkusLLMTeachCS/CSC490/ArtGuard/src/apps/frontend/src/app/components/PatchOverlay.test.tsx"},{"assertionResults":[{"ancestorTitles":["ProtectedRoute"],"fullName":"ProtectedRoute shows loading state while auth is resolving","status":"passed","title":"shows loading state while auth is resolving","duration":28.141791105270386,"failureMessages":[],"meta":{}},{"ancestorTitles":["ProtectedRoute"],"fullName":"ProtectedRoute redirects to login when not authenticated","status":"passed","title":"redirects to login when not authenticated","duration":7.097708106040955,"failureMessages":[],"meta":{}},{"ancestorTitles":["ProtectedRoute"],"fullName":"ProtectedRoute renders children when authenticated","status":"passed","title":"renders children when authenticated","duration":1.9855419397354126,"failureMessages":[],"meta":{}},{"ancestorTitles":["ProtectedRoute"],"fullName":"ProtectedRoute has correct loading container classes","status":"passed","title":"has correct loading container classes","duration":2.3191659450531006,"failureMessages":[],"meta":{}},{"ancestorTitles":["ProtectedRoute"],"fullName":"ProtectedRoute has correct loading icon attributes","status":"passed","title":"has correct loading icon attributes","duration":2.743749976158142,"failureMessages":[],"meta":{}},{"ancestorTitles":["ProtectedRoute"],"fullName":"ProtectedRoute handles multiple children correctly","status":"passed","title":"handles multiple children correctly","duration":1.874916911125183,"failureMessages":[],"meta":{}},{"ancestorTitles":["ProtectedRoute"],"fullName":"ProtectedRoute handles empty children","status":"passed","title":"handles empty children","duration":1.2319170236587524,"failureMessages":[],"meta":{}},{"ancestorTitles":["ProtectedRoute"],"fullName":"ProtectedRoute preserves auth context calls","status":"passed","title":"preserves auth context calls","duration":1.4377080202102661,"failureMessages":[],"meta":{}}],"startTime":1774651115833,"endTime":1774651115880.4377,"status":"passed","message":"","name":"/Users/soheegoo/UofT/MarkusLLMTeachCS/CSC490/ArtGuard/src/apps/frontend/src/app/components/ProtectedRoute.test.tsx"},{"assertionResults":[{"ancestorTitles":["RootLayout"],"fullName":"RootLayout renders outlet inside auth and error boundary","status":"passed","title":"renders outlet inside auth and error boundary","duration":56.52370893955231,"failureMessages":[],"meta":{}}],"startTime":1774651114308,"endTime":1774651114364.5237,"status":"passed","message":"","name":"/Users/soheegoo/UofT/MarkusLLMTeachCS/CSC490/ArtGuard/src/apps/frontend/src/app/components/RootLayout.test.tsx"},{"assertionResults":[{"ancestorTitles":["AuthContext — mock mode","initial state"],"fullName":"AuthContext — mock mode initial state starts unauthenticated with no user","status":"passed","title":"starts unauthenticated with no user","duration":15.77270793914795,"failureMessages":[],"meta":{}},{"ancestorTitles":["AuthContext — mock mode","initial state"],"fullName":"AuthContext — mock mode initial state restores user from valid localStorage on mount","status":"passed","title":"restores user from valid localStorage on mount","duration":2.714750051498413,"failureMessages":[],"meta":{}},{"ancestorTitles":["AuthContext — mock mode","initial state"],"fullName":"AuthContext — mock mode initial state ignores corrupted artguard_user in localStorage","status":"passed","title":"ignores corrupted artguard_user in localStorage","duration":2.66949999332428,"failureMessages":[],"meta":{}},{"ancestorTitles":["AuthContext — mock mode","signup"],"fullName":"AuthContext — mock mode signup creates user and sets authenticated state","status":"passed","title":"creates user and sets authenticated state","duration":3.6388750076293945,"failureMessages":[],"meta":{}},{"ancestorTitles":["AuthContext — mock mode","signup"],"fullName":"AuthContext — mock mode signup rejects duplicate email","status":"passed","title":"rejects duplicate email","duration":4.179042100906372,"failureMessages":[],"meta":{}},{"ancestorTitles":["AuthContext — mock mode","login"],"fullName":"AuthContext — mock mode login logs in with correct credentials","status":"passed","title":"logs in with correct credentials","duration":5.558584094047546,"failureMessages":[],"meta":{}},{"ancestorTitles":["AuthContext — mock mode","login"],"fullName":"AuthContext — mock mode login rejects invalid credentials","status":"passed","title":"rejects invalid credentials","duration":2.662000060081482,"failureMessages":[],"meta":{}},{"ancestorTitles":["AuthContext — mock mode","logout"],"fullName":"AuthContext — mock mode logout clears user and authentication state","status":"passed","title":"clears user and authentication state","duration":2.76895809173584,"failureMessages":[],"meta":{}},{"ancestorTitles":["AuthContext — mock mode","updateProfile"],"fullName":"AuthContext — mock mode updateProfile updates username and email","status":"passed","title":"updates username and email","duration":3.56879198551178,"failureMessages":[],"meta":{}},{"ancestorTitles":["AuthContext — mock mode","updateProfile"],"fullName":"AuthContext — mock mode updateProfile rejects duplicate email","status":"passed","title":"rejects duplicate email","duration":2.965833067893982,"failureMessages":[],"meta":{}},{"ancestorTitles":["AuthContext — mock mode","changePassword"],"fullName":"AuthContext — mock mode changePassword changes password successfully","status":"passed","title":"changes password successfully","duration":1.8143750429153442,"failureMessages":[],"meta":{}},{"ancestorTitles":["AuthContext — mock mode","changePassword"],"fullName":"AuthContext — mock mode changePassword rejects wrong current password","status":"passed","title":"rejects wrong current password","duration":2.504333972930908,"failureMessages":[],"meta":{}},{"ancestorTitles":["useAuth guard"],"fullName":"useAuth guard throws when used outside AuthProvider","status":"passed","title":"throws when used outside AuthProvider","duration":12.10574996471405,"failureMessages":[],"meta":{}},{"ancestorTitles":["AuthContext — API backend mode"],"fullName":"AuthContext — API backend mode starts unauthenticated when no token","status":"passed","title":"starts unauthenticated when no token","duration":2.7049999237060547,"failureMessages":[],"meta":{}},{"ancestorTitles":["AuthContext — API backend mode"],"fullName":"AuthContext — API backend mode restores user from API when token exists","status":"passed","title":"restores user from API when token exists","duration":53.88362503051758,"failureMessages":[],"meta":{}},{"ancestorTitles":["AuthContext — API backend mode"],"fullName":"AuthContext — API backend mode handles API error gracefully","status":"passed","title":"handles API error gracefully","duration":53.65224993228912,"failureMessages":[],"meta":{}}],"startTime":1774651109737,"endTime":1774651109910.6523,"status":"passed","message":"","name":"/Users/soheegoo/UofT/MarkusLLMTeachCS/CSC490/ArtGuard/src/apps/frontend/src/app/contexts/AuthContext.test.tsx"},{"assertionResults":[{"ancestorTitles":["isInferenceFailed"],"fullName":"isInferenceFailed returns true for explicit failed status","status":"passed","title":"returns true for explicit failed status","duration":1.2592090368270874,"failureMessages":[],"meta":{}},{"ancestorTitles":["isInferenceFailed"],"fullName":"isInferenceFailed returns false for completed or processing","status":"passed","title":"returns false for completed or processing","duration":0.15404093265533447,"failureMessages":[],"meta":{}},{"ancestorTitles":["isInferenceFailed"],"fullName":"isInferenceFailed returns true for placeholder failed row","status":"passed","title":"returns true for placeholder failed row","duration":0.0894169807434082,"failureMessages":[],"meta":{}},{"ancestorTitles":["getAnalysisVerdict"],"fullName":"getAnalysisVerdict returns Authentic for prediction 1 when not failed","status":"passed","title":"returns Authentic for prediction 1 when not failed","duration":0.1372920274734497,"failureMessages":[],"meta":{}},{"ancestorTitles":["getAnalysisVerdict"],"fullName":"getAnalysisVerdict returns Forgery for prediction 0","status":"passed","title":"returns Forgery for prediction 0","duration":0.07308292388916016,"failureMessages":[],"meta":{}},{"ancestorTitles":["getAnalysisVerdict"],"fullName":"getAnalysisVerdict returns Unavailable when prediction is not 0 or 1","status":"passed","title":"returns Unavailable when prediction is not 0 or 1","duration":0.2598750591278076,"failureMessages":[],"meta":{}},{"ancestorTitles":["getAnalysisVerdict"],"fullName":"getAnalysisVerdict returns Error when inference failed","status":"passed","title":"returns Error when inference failed","duration":0.09037506580352783,"failureMessages":[],"meta":{}},{"ancestorTitles":["score helpers"],"fullName":"score helpers getAuthenticityBarColor buckets score","status":"passed","title":"getAuthenticityBarColor buckets score","duration":0.1770000457763672,"failureMessages":[],"meta":{}},{"ancestorTitles":["score helpers"],"fullName":"score helpers getAnalysisBarColor uses muted when failed","status":"passed","title":"getAnalysisBarColor uses muted when failed","duration":0.0840839147567749,"failureMessages":[],"meta":{}},{"ancestorTitles":["score helpers"],"fullName":"score helpers formatAnalysisScorePercent shows em dash when failed","status":"passed","title":"formatAnalysisScorePercent shows em dash when failed","duration":0.18829095363616943,"failureMessages":[],"meta":{}},{"ancestorTitles":["score helpers"],"fullName":"score helpers primaryScoreTitle and description reflect failure","status":"passed","title":"primaryScoreTitle and description reflect failure","duration":0.19504201412200928,"failureMessages":[],"meta":{}},{"ancestorTitles":["filters"],"fullName":"filters matchesAuthenticFilter and matchesForgedFilter","status":"passed","title":"matchesAuthenticFilter and matchesForgedFilter","duration":0.20858299732208252,"failureMessages":[],"meta":{}},{"ancestorTitles":["filters"],"fullName":"filters matchesUncertainFilter returns true when prediction is not 0 or 1","status":"passed","title":"matchesUncertainFilter returns true when prediction is not 0 or 1","duration":0.44629204273223877,"failureMessages":[],"meta":{}},{"ancestorTitles":["filters"],"fullName":"filters matchesFailedInferenceFilter returns true only for failed runs","status":"passed","title":"matchesFailedInferenceFilter returns true only for failed runs","duration":0.19566702842712402,"failureMessages":[],"meta":{}},{"ancestorTitles":["resolveDisplayedExplanation"],"fullName":"resolveDisplayedExplanation returns API explanation when present","status":"passed","title":"returns API explanation when present","duration":0.21779203414916992,"failureMessages":[],"meta":{}},{"ancestorTitles":["resolveDisplayedExplanation"],"fullName":"resolveDisplayedExplanation returns NO_EXPLANATION when completed run has no explanation text","status":"passed","title":"returns NO_EXPLANATION when completed run has no explanation text","duration":0.15116608142852783,"failureMessages":[],"meta":{}},{"ancestorTitles":["resolveDisplayedExplanation"],"fullName":"resolveDisplayedExplanation treats whitespace-only explanation as missing","status":"passed","title":"treats whitespace-only explanation as missing","duration":0.1351250410079956,"failureMessages":[],"meta":{}},{"ancestorTitles":["resolveDisplayedExplanation"],"fullName":"resolveDisplayedExplanation includes inference error when failed with detail","status":"passed","title":"includes inference error when failed with detail","duration":0.2364588975906372,"failureMessages":[],"meta":{}},{"ancestorTitles":["resolveDisplayedExplanation"],"fullName":"resolveDisplayedExplanation returns short message when failed without detail","status":"passed","title":"returns short message when failed without detail","duration":0.16558301448822021,"failureMessages":[],"meta":{}},{"ancestorTitles":["getBatchIndicator"],"fullName":"getBatchIndicator returns Unavailable when prediction is neither 0 nor 1","status":"passed","title":"returns Unavailable when prediction is neither 0 nor 1","duration":0.2535419464111328,"failureMessages":[],"meta":{}},{"ancestorTitles":["getBatchIndicator"],"fullName":"getBatchIndicator returns Authentic for prediction 1","status":"passed","title":"returns Authentic for prediction 1","duration":0.09679198265075684,"failureMessages":[],"meta":{}},{"ancestorTitles":["getBatchIndicator"],"fullName":"getBatchIndicator returns Forgery for prediction 0","status":"passed","title":"returns Forgery for prediction 0","duration":0.0742499828338623,"failureMessages":[],"meta":{}},{"ancestorTitles":["getBatchIndicator"],"fullName":"getBatchIndicator returns Error for failed inference","status":"passed","title":"returns Error for failed inference","duration":0.07433295249938965,"failureMessages":[],"meta":{}}],"startTime":1774651120038,"endTime":1774651120044.2537,"status":"passed","message":"","name":"/Users/soheegoo/UofT/MarkusLLMTeachCS/CSC490/ArtGuard/src/apps/frontend/src/app/lib/analysisDisplay.test.ts"},{"assertionResults":[{"ancestorTitles":["artAsset"],"fullName":"artAsset joins BASE_URL with art path for both trailing slash variants","status":"passed","title":"joins BASE_URL with art path for both trailing slash variants","duration":1.28029203414917,"failureMessages":[],"meta":{}},{"ancestorTitles":["artAsset"],"fullName":"artAsset handles BASE_URL without trailing slash","status":"passed","title":"handles BASE_URL without trailing slash","duration":0.1393749713897705,"failureMessages":[],"meta":{}},{"ancestorTitles":["artAsset"],"fullName":"artAsset handles empty BASE_URL","status":"passed","title":"handles empty BASE_URL","duration":0.1516249179840088,"failureMessages":[],"meta":{}}],"startTime":1774651121991,"endTime":1774651121993.1516,"status":"passed","message":"","name":"/Users/soheegoo/UofT/MarkusLLMTeachCS/CSC490/ArtGuard/src/apps/frontend/src/app/lib/artAssets.test.ts"},{"assertionResults":[{"ancestorTitles":["buildAnalysisPdf"],"fullName":"buildAnalysisPdf builds a minimal PDF blob","status":"passed","title":"builds a minimal PDF blob","duration":14.93733298778534,"failureMessages":[],"meta":{}},{"ancestorTitles":["buildAnalysisPdf"],"fullName":"buildAnalysisPdf embeds PNG data URL and survives addImage failure","status":"passed","title":"embeds PNG data URL and survives addImage failure","duration":5.80820894241333,"failureMessages":[],"meta":{}},{"ancestorTitles":["buildAnalysisPdf"],"fullName":"buildAnalysisPdf uses JPEG format hint for non-png data URLs","status":"passed","title":"uses JPEG format hint for non-png data URLs","duration":2.5989580154418945,"failureMessages":[],"meta":{}},{"ancestorTitles":["buildAnalysisPdf"],"fullName":"buildAnalysisPdf paginates very long explanations across pages","status":"passed","title":"paginates very long explanations across pages","duration":12.488207936286926,"failureMessages":[],"meta":{}}],"startTime":1774651116590,"endTime":1774651116625.4883,"status":"passed","message":"","name":"/Users/soheegoo/UofT/MarkusLLMTeachCS/CSC490/ArtGuard/src/apps/frontend/src/app/lib/pdfReport.test.ts"},{"assertionResults":[{"ancestorTitles":["hasAllowedImageExtension"],"fullName":"hasAllowedImageExtension accepts allowed extensions case-insensitively","status":"passed","title":"accepts allowed extensions case-insensitively","duration":1.2620420455932617,"failureMessages":[],"meta":{}},{"ancestorTitles":["hasAllowedImageExtension"],"fullName":"hasAllowedImageExtension rejects files without extension","status":"passed","title":"rejects files without extension","duration":0.12262499332427979,"failureMessages":[],"meta":{}},{"ancestorTitles":["hasAllowedImageExtension"],"fullName":"hasAllowedImageExtension rejects disallowed extensions","status":"passed","title":"rejects disallowed extensions","duration":0.09045898914337158,"failureMessages":[],"meta":{}},{"ancestorTitles":["hasAllowedImageExtension"],"fullName":"hasAllowedImageExtension uses last dot for extension","status":"passed","title":"uses last dot for extension","duration":0.06274998188018799,"failureMessages":[],"meta":{}},{"ancestorTitles":["constants"],"fullName":"constants IMAGE_EXTENSIONS matches backend-aligned set","status":"passed","title":"IMAGE_EXTENSIONS matches backend-aligned set","duration":0.15287494659423828,"failureMessages":[],"meta":{}}],"startTime":1774651120695,"endTime":1774651120696.262,"status":"passed","message":"","name":"/Users/soheegoo/UofT/MarkusLLMTeachCS/CSC490/ArtGuard/src/apps/frontend/src/app/lib/uploadLimits.test.ts"},{"assertionResults":[{"ancestorTitles":["HistoryPage"],"fullName":"HistoryPage shows empty state when no history","status":"passed","title":"shows empty state when no history","duration":153.85479199886322,"failureMessages":[],"meta":{}},{"ancestorTitles":["HistoryPage"],"fullName":"HistoryPage shows history items from localStorage","status":"passed","title":"shows history items from localStorage","duration":71.79058408737183,"failureMessages":[],"meta":{}},{"ancestorTitles":["HistoryPage"],"fullName":"HistoryPage shows score percentage for completed inference","status":"passed","title":"shows score percentage for completed inference","duration":47.70187497138977,"failureMessages":[],"meta":{}},{"ancestorTitles":["HistoryPage"],"fullName":"HistoryPage view details navigates to results page","status":"passed","title":"view details navigates to results page","duration":73.33870804309845,"failureMessages":[],"meta":{}},{"ancestorTitles":["HistoryPage"],"fullName":"HistoryPage delete removes item from history","status":"passed","title":"delete removes item from history","duration":67.05474996566772,"failureMessages":[],"meta":{}},{"ancestorTitles":["HistoryPage"],"fullName":"HistoryPage search filters by artist name","status":"passed","title":"search filters by artist name","duration":53.57266700267792,"failureMessages":[],"meta":{}},{"ancestorTitles":["HistoryPage"],"fullName":"HistoryPage search filters by artwork name","status":"passed","title":"search filters by artwork name","duration":48.77045798301697,"failureMessages":[],"meta":{}},{"ancestorTitles":["HistoryPage"],"fullName":"HistoryPage shows no results found when search has no matches","status":"passed","title":"shows no results found when search has no matches","duration":44.409542083740234,"failureMessages":[],"meta":{}},{"ancestorTitles":["HistoryPage"],"fullName":"HistoryPage shows failed inference badge for failed status","status":"passed","title":"shows failed inference badge for failed status","duration":32.16904103755951,"failureMessages":[],"meta":{}},{"ancestorTitles":["HistoryPage"],"fullName":"HistoryPage shows result count when items are visible","status":"passed","title":"shows result count when items are visible","duration":31.594457983970642,"failureMessages":[],"meta":{}},{"ancestorTitles":["HistoryPage"],"fullName":"HistoryPage clear all button appears when history has items","status":"passed","title":"clear all button appears when history has items","duration":38.992125034332275,"failureMessages":[],"meta":{}},{"ancestorTitles":["HistoryPage"],"fullName":"HistoryPage handles corrupted localStorage gracefully","status":"passed","title":"handles corrupted localStorage gracefully","duration":26.630082964897156,"failureMessages":[],"meta":{}},{"ancestorTitles":["HistoryPage"],"fullName":"HistoryPage sort by score-high puts highest score first","status":"failed","title":"sort by score-high puts highest score first","duration":47.60858392715454,"failureMessages":["AssertionError: expected 'Low Score' to be 'High Score' // Object.is equality\n    at /Users/soheegoo/UofT/MarkusLLMTeachCS/CSC490/ArtGuard/src/apps/frontend/src/app/pages/HistoryPage.test.tsx:177:34\n    at file:///Users/soheegoo/UofT/MarkusLLMTeachCS/CSC490/ArtGuard/src/apps/frontend/node_modules/@vitest/runner/dist/chunk-hooks.js:752:20"],"meta":{}},{"ancestorTitles":["HistoryPage"],"fullName":"HistoryPage filter by authentic shows only authentic results","status":"failed","title":"filter by authentic shows only authentic results","duration":40.50158405303955,"failureMessages":["Error: \u001b[2mexpect(\u001b[22m\u001b[31melement\u001b[39m\u001b[2m).not.toBeInTheDocument()\u001b[22m\n\n\u001b[31mexpected document not to contain element, found <h3\n  class=\"font-semibold truncate text-foreground\"\n>\n  Forged Work\n</h3> instead\u001b[39m\n    at Proxy.expectWrapper (file:///Users/soheegoo/UofT/MarkusLLMTeachCS/CSC490/ArtGuard/src/apps/frontend/node_modules/@vitest/expect/dist/index.js:1745:12)\n    at Proxy.<anonymous> (file:///Users/soheegoo/UofT/MarkusLLMTeachCS/CSC490/ArtGuard/src/apps/frontend/node_modules/@vitest/expect/dist/index.js:1029:14)\n    at Proxy.methodWrapper (file:///Users/soheegoo/UofT/MarkusLLMTeachCS/CSC490/ArtGuard/src/apps/frontend/node_modules/chai/index.js:1686:25)\n    at /Users/soheegoo/UofT/MarkusLLMTeachCS/CSC490/ArtGuard/src/apps/frontend/src/app/pages/HistoryPage.test.tsx:193:51\n    at file:///Users/soheegoo/UofT/MarkusLLMTeachCS/CSC490/ArtGuard/src/apps/frontend/node_modules/@vitest/runner/dist/chunk-hooks.js:752:20"],"meta":{}},{"ancestorTitles":["HistoryPage"],"fullName":"HistoryPage filter by forged shows only forged results","status":"failed","title":"filter by forged shows only forged results","duration":36.93029201030731,"failureMessages":["Error: \u001b[2mexpect(\u001b[22m\u001b[31melement\u001b[39m\u001b[2m).not.toBeInTheDocument()\u001b[22m\n\n\u001b[31mexpected document not to contain element, found <h3\n  class=\"font-semibold truncate text-foreground\"\n>\n  Authentic Work\n</h3> instead\u001b[39m\n    at Proxy.expectWrapper (file:///Users/soheegoo/UofT/MarkusLLMTeachCS/CSC490/ArtGuard/src/apps/frontend/node_modules/@vitest/expect/dist/index.js:1745:12)\n    at Proxy.<anonymous> (file:///Users/soheegoo/UofT/MarkusLLMTeachCS/CSC490/ArtGuard/src/apps/frontend/node_modules/@vitest/expect/dist/index.js:1029:14)\n    at Proxy.methodWrapper (file:///Users/soheegoo/UofT/MarkusLLMTeachCS/CSC490/ArtGuard/src/apps/frontend/node_modules/chai/index.js:1686:25)\n    at /Users/soheegoo/UofT/MarkusLLMTeachCS/CSC490/ArtGuard/src/apps/frontend/src/app/pages/HistoryPage.test.tsx:209:54\n    at file:///Users/soheegoo/UofT/MarkusLLMTeachCS/CSC490/ArtGuard/src/apps/frontend/node_modules/@vitest/runner/dist/chunk-hooks.js:752:20"],"meta":{}},{"ancestorTitles":["HistoryPage"],"fullName":"HistoryPage filter by uncertain shows only uncertain results","status":"failed","title":"filter by uncertain shows only uncertain results","duration":37.49579191207886,"failureMessages":["Error: \u001b[2mexpect(\u001b[22m\u001b[31melement\u001b[39m\u001b[2m).not.toBeInTheDocument()\u001b[22m\n\n\u001b[31mexpected document not to contain element, found <h3\n  class=\"font-semibold truncate text-foreground\"\n>\n  Authentic Work\n</h3> instead\u001b[39m\n    at Proxy.expectWrapper (file:///Users/soheegoo/UofT/MarkusLLMTeachCS/CSC490/ArtGuard/src/apps/frontend/node_modules/@vitest/expect/dist/index.js:1745:12)\n    at Proxy.<anonymous> (file:///Users/soheegoo/UofT/MarkusLLMTeachCS/CSC490/ArtGuard/src/apps/frontend/node_modules/@vitest/expect/dist/index.js:1029:14)\n    at Proxy.methodWrapper (file:///Users/soheegoo/UofT/MarkusLLMTeachCS/CSC490/ArtGuard/src/apps/frontend/node_modules/chai/index.js:1686:25)\n    at /Users/soheegoo/UofT/MarkusLLMTeachCS/CSC490/ArtGuard/src/apps/frontend/src/app/pages/HistoryPage.test.tsx:225:54\n    at file:///Users/soheegoo/UofT/MarkusLLMTeachCS/CSC490/ArtGuard/src/apps/frontend/node_modules/@vitest/runner/dist/chunk-hooks.js:752:20"],"meta":{}},{"ancestorTitles":["HistoryPage"],"fullName":"HistoryPage filter by failed shows only failed results","status":"failed","title":"filter by failed shows only failed results","duration":37.24595904350281,"failureMessages":["Error: \u001b[2mexpect(\u001b[22m\u001b[31melement\u001b[39m\u001b[2m).not.toBeInTheDocument()\u001b[22m\n\n\u001b[31mexpected document not to contain element, found <h3\n  class=\"font-semibold truncate text-foreground\"\n>\n  Good Work\n</h3> instead\u001b[39m\n    at Proxy.expectWrapper (file:///Users/soheegoo/UofT/MarkusLLMTeachCS/CSC490/ArtGuard/src/apps/frontend/node_modules/@vitest/expect/dist/index.js:1745:12)\n    at Proxy.<anonymous> (file:///Users/soheegoo/UofT/MarkusLLMTeachCS/CSC490/ArtGuard/src/apps/frontend/node_modules/@vitest/expect/dist/index.js:1029:14)\n    at Proxy.methodWrapper (file:///Users/soheegoo/UofT/MarkusLLMTeachCS/CSC490/ArtGuard/src/apps/frontend/node_modules/chai/index.js:1686:25)\n    at /Users/soheegoo/UofT/MarkusLLMTeachCS/CSC490/ArtGuard/src/apps/frontend/src/app/pages/HistoryPage.test.tsx:241:49\n    at file:///Users/soheegoo/UofT/MarkusLLMTeachCS/CSC490/ArtGuard/src/apps/frontend/node_modules/@vitest/runner/dist/chunk-hooks.js:752:20"],"meta":{}}],"startTime":1774651097702,"endTime":1774651098591.2458,"status":"failed","message":"","name":"/Users/soheegoo/UofT/MarkusLLMTeachCS/CSC490/ArtGuard/src/apps/frontend/src/app/pages/HistoryPage.test.tsx"},{"assertionResults":[],"startTime":1774651094154,"endTime":1774651094154,"status":"failed","message":"[vitest] There was an error when mocking a module. If you are using \"vi.mock\" factory, make sure there are no top level variables inside, since this call is hoisted to top of the file. Read more: https://vitest.dev/api/vi.html#vi-mock","name":"/Users/soheegoo/UofT/MarkusLLMTeachCS/CSC490/ArtGuard/src/apps/frontend/src/app/pages/HomePage.test.tsx"},{"assertionResults":[{"ancestorTitles":["LoginPage"],"fullName":"LoginPage shows validation error for wrong password","status":"failed","title":"shows validation error for wrong password","duration":1276.355041027069,"failureMessages":["Error: Unable to find an element with the text: /invalid email or password/i. This could be because the text is broken up by multiple elements. In this case, you can provide a function for your text matcher to make your matcher more flexible.\n\nIgnored nodes: comments, script, style\n\u001b[36m<body>\u001b[39m\n  \u001b[36m<div>\u001b[39m\n    \u001b[36m<div>\u001b[39m\n      \u001b[0mUpload page\u001b[0m\n    \u001b[36m</div>\u001b[39m\n  \u001b[36m</div>\u001b[39m\n\u001b[36m</body>\u001b[39m\n    at waitForWrapper (/Users/soheegoo/UofT/MarkusLLMTeachCS/CSC490/ArtGuard/src/apps/frontend/node_modules/@testing-library/dom/dist/wait-for.js:163:27)\n    at /Users/soheegoo/UofT/MarkusLLMTeachCS/CSC490/ArtGuard/src/apps/frontend/src/app/pages/LoginPage.test.tsx:67:11\n    at file:///Users/soheegoo/UofT/MarkusLLMTeachCS/CSC490/ArtGuard/src/apps/frontend/node_modules/@vitest/runner/dist/chunk-hooks.js:752:20"],"meta":{}},{"ancestorTitles":["LoginPage"],"fullName":"LoginPage navigates to upload after successful login","status":"passed","title":"navigates to upload after successful login","duration":141.68462491035461,"failureMessages":[],"meta":{}}],"startTime":1774651095336,"endTime":1774651096754.6846,"status":"failed","message":"","name":"/Users/soheegoo/UofT/MarkusLLMTeachCS/CSC490/ArtGuard/src/apps/frontend/src/app/pages/LoginPage.test.tsx"},{"assertionResults":[{"ancestorTitles":["ProfilePage"],"fullName":"ProfilePage renders profile form with user data pre-filled","status":"passed","title":"renders profile form with user data pre-filled","duration":59.04683291912079,"failureMessages":[],"meta":{}},{"ancestorTitles":["ProfilePage"],"fullName":"ProfilePage shows account ID in statistics section","status":"passed","title":"shows account ID in statistics section","duration":23.101583003997803,"failureMessages":[],"meta":{}},{"ancestorTitles":["ProfilePage"],"fullName":"ProfilePage shows total analyses count from localStorage","status":"passed","title":"shows total analyses count from localStorage","duration":20.17220902442932,"failureMessages":[],"meta":{}},{"ancestorTitles":["ProfilePage"],"fullName":"ProfilePage shows total analyses count from API when backend is avai
[...]
rt":{"line":214,"column":0},"end":{"line":214,"column":20}},"214":{"start":{"line":215,"column":0},"end":{"line":215,"column":34}},"215":{"start":{"line":216,"column":0},"end":{"line":216,"column":94}},"216":{"start":{"line":217,"column":0},"end":{"line":217,"column":48}},"217":{"start":{"line":218,"column":0},"end":{"line":218,"column":38}},"218":{"start":{"line":219,"column":0},"end":{"line":219,"column":16}},"219":{"start":{"line":220,"column":0},"end":{"line":220,"column":18}},"221":{"start":{"line":222,"column":0},"end":{"line":222,"column":17}},"222":{"start":{"line":223,"column":0},"end":{"line":223,"column":74}},"224":{"start":{"line":225,"column":0},"end":{"line":225,"column":22}},"225":{"start":{"line":226,"column":0},"end":{"line":226,"column":20}},"226":{"start":{"line":227,"column":0},"end":{"line":227,"column":35}},"227":{"start":{"line":228,"column":0},"end":{"line":228,"column":95}},"228":{"start":{"line":229,"column":0},"end":{"line":229,"column":45}},"229":{"start":{"line":230,"column":0},"end":{"line":230,"column":38}},"230":{"start":{"line":231,"column":0},"end":{"line":231,"column":16}},"231":{"start":{"line":232,"column":0},"end":{"line":232,"column":18}},"232":{"start":{"line":233,"column":0},"end":{"line":233,"column":16}},"235":{"start":{"line":236,"column":0},"end":{"line":236,"column":17}},"236":{"start":{"line":237,"column":0},"end":{"line":237,"column":25}},"237":{"start":{"line":238,"column":0},"end":{"line":238,"column":30}},"238":{"start":{"line":239,"column":0},"end":{"line":239,"column":50}},"240":{"start":{"line":241,"column":0},"end":{"line":241,"column":60}},"241":{"start":{"line":242,"column":0},"end":{"line":242,"column":19}},"242":{"start":{"line":243,"column":0},"end":{"line":243,"column":15}},"243":{"start":{"line":244,"column":0},"end":{"line":244,"column":13}},"244":{"start":{"line":245,"column":0},"end":{"line":245,"column":10}},"246":{"start":{"line":247,"column":0},"end":{"line":247,"column":1}}},"s":{"0":1,"1":1,"2":1,"3":1,"4":1,"5":1,"6":1,"7":1,"8":1,"9":1,"10":1,"11":1,"12":1,"13":1,"15":1,"16":46,"17":46,"18":46,"20":46,"21":46,"22":46,"23":46,"24":46,"25":46,"26":46,"28":46,"29":5,"31":5,"32":1,"33":1,"34":1,"35":1,"36":1,"38":5,"39":1,"40":1,"41":1,"43":5,"44":0,"45":0,"46":0,"48":3,"50":3,"51":3,"52":3,"53":3,"54":3,"55":5,"57":46,"58":5,"59":5,"60":5,"61":5,"62":5,"64":46,"65":0,"66":0,"67":0,"69":46,"70":0,"71":0,"73":46,"74":0,"75":0,"77":0,"78":0,"79":0,"80":0,"81":0,"83":46,"84":0,"85":0,"86":0,"87":0,"88":0,"89":0,"91":46,"92":3,"93":3,"96":3,"97":0,"98":0,"99":0,"101":3,"102":1,"103":1,"104":1,"106":2,"107":2,"108":2,"109":2,"110":2,"111":2,"112":3,"113":3,"115":3,"116":1,"117":1,"119":2,"121":3,"122":1,"123":1,"124":1,"125":1,"126":1,"128":2,"129":3,"130":0,"131":3,"132":2,"133":2,"134":3,"136":46,"137":46,"139":46,"140":46,"141":46,"143":46,"144":46,"145":46,"146":46,"147":46,"149":46,"151":46,"152":46,"153":46,"154":3,"155":3,"156":3,"160":46,"161":12,"162":12,"163":12,"164":12,"165":12,"166":12,"167":12,"168":0,"169":12,"170":12,"172":12,"173":12,"175":12,"176":12,"177":12,"178":12,"179":12,"181":34,"182":34,"183":34,"184":34,"185":34,"186":34,"187":34,"188":34,"189":34,"190":34,"191":34,"192":34,"193":34,"195":34,"196":34,"199":46,"200":46,"201":46,"202":46,"203":46,"204":46,"205":46,"208":46,"209":46,"210":46,"212":46,"213":46,"214":46,"215":46,"216":46,"217":46,"218":46,"219":46,"221":46,"222":46,"224":46,"225":46,"226":46,"227":46,"228":46,"229":46,"230":46,"231":46,"232":46,"235":46,"236":46,"237":46,"238":46,"240":46,"241":46,"242":46,"243":46,"244":46,"246":46},"branchMap":{"0":{"type":"branch","line":16,"loc":{"start":{"line":16,"column":7},"end":{"line":247,"column":1}},"locations":[{"start":{"line":16,"column":7},"end":{"line":247,"column":1}}]},"1":{"type":"branch","line":138,"loc":{"start":{"line":138,"column":24},"end":{"line":138,"column":59}},"locations":[{"start":{"line":138,"column":24},"end":{"line":138,"column":59}}]},"2":{"type":"branch","line":138,"loc":{"start":{"line":138,"column":54},"end":{"line":138,"column":87}},"locations":[{"start":{"line":138,"column":54},"end":{"line":138,"column":87}}]},"3":{"type":"branch","line":154,"loc":{"start":{"line":154,"column":11},"end":{"line":157,"column":20}},"locations":[{"start":{"line":154,"column":11},"end":{"line":157,"column":20}}]},"4":{"type":"branch","line":161,"loc":{"start":{"line":161,"column":12},"end":{"line":180,"column":18}},"locations":[{"start":{"line":161,"column":12},"end":{"line":180,"column":18}}]},"5":{"type":"branch","line":168,"loc":{"start":{"line":168,"column":16},"end":{"line":169,"column":51}},"locations":[{"start":{"line":168,"column":16},"end":{"line":169,"column":51}}]},"6":{"type":"branch","line":180,"loc":{"start":{"line":180,"column":12},"end":{"line":197,"column":18}},"locations":[{"start":{"line":180,"column":12},"end":{"line":197,"column":18}}]},"7":{"type":"branch","line":239,"loc":{"start":{"line":239,"column":23},"end":{"line":239,"column":50}},"locations":[{"start":{"line":239,"column":23},"end":{"line":239,"column":50}}]},"8":{"type":"branch","line":241,"loc":{"start":{"line":241,"column":13},"end":{"line":241,"column":42}},"locations":[{"start":{"line":241,"column":13},"end":{"line":241,"column":42}}]},"9":{"type":"branch","line":241,"loc":{"start":{"line":241,"column":27},"end":{"line":241,"column":60}},"locations":[{"start":{"line":241,"column":27},"end":{"line":241,"column":60}}]},"10":{"type":"branch","line":29,"loc":{"start":{"line":29,"column":27},"end":{"line":56,"column":4}},"locations":[{"start":{"line":29,"column":27},"end":{"line":56,"column":4}}]},"11":{"type":"branch","line":32,"loc":{"start":{"line":32,"column":46},"end":{"line":37,"column":5}},"locations":[{"start":{"line":32,"column":46},"end":{"line":37,"column":5}}]},"12":{"type":"branch","line":37,"loc":{"start":{"line":37,"column":4},"end":{"line":39,"column":41}},"locations":[{"start":{"line":37,"column":4},"end":{"line":39,"column":41}}]},"13":{"type":"branch","line":39,"loc":{"start":{"line":39,"column":41},"end":{"line":42,"column":5}},"locations":[{"start":{"line":39,"column":41},"end":{"line":42,"column":5}}]},"14":{"type":"branch","line":42,"loc":{"start":{"line":42,"column":4},"end":{"line":44,"column":38}},"locations":[{"start":{"line":42,"column":4},"end":{"line":44,"column":38}}]},"15":{"type":"branch","line":44,"loc":{"start":{"line":44,"column":38},"end":{"line":47,"column":5}},"locations":[{"start":{"line":44,"column":38},"end":{"line":47,"column":5}}]},"16":{"type":"branch","line":47,"loc":{"start":{"line":47,"column":4},"end":{"line":55,"column":31}},"locations":[{"start":{"line":47,"column":4},"end":{"line":55,"column":31}}]},"17":{"type":"branch","line":52,"loc":{"start":{"line":52,"column":23},"end":{"line":54,"column":6}},"locations":[{"start":{"line":52,"column":23},"end":{"line":54,"column":6}}]},"18":{"type":"branch","line":58,"loc":{"start":{"line":58,"column":26},"end":{"line":63,"column":4}},"locations":[{"start":{"line":58,"column":26},"end":{"line":63,"column":4}}]},"19":{"type":"branch","line":92,"loc":{"start":{"line":92,"column":23},"end":{"line":135,"column":4}},"locations":[{"start":{"line":92,"column":23},"end":{"line":135,"column":4}}]},"20":{"type":"branch","line":97,"loc":{"start":{"line":97,"column":23},"end":{"line":100,"column":5}},"locations":[{"start":{"line":97,"column":23},"end":{"line":100,"column":5}}]},"21":{"type":"branch","line":102,"loc":{"start":{"line":102,"column":51},"end":{"line":105,"column":5}},"locations":[{"start":{"line":102,"column":51},"end":{"line":105,"column":5}}]},"22":{"type":"branch","line":105,"loc":{"start":{"line":105,"column":4},"end":{"line":113,"column":22}},"locations":[{"start":{"line":105,"column":4},"end":{"line":113,"column":22}}]},"23":{"type":"branch","line":113,"loc":{"start":{"line":113,"column":16},"end":{"line":113,"column":28}},"locations":[{"start":{"line":113,"column":16},"end":{"line":113,"column":28}}]},"24":{"type":"branch","line":113,"loc":{"start":{"line":113,"column":22},"end":{"line":113,"column":31}},"locations":[{"start":{"line":113,"column":22},"end":{"line":113,"column":31}}]},"25":{"type":"branch","line":114,"loc":{"start":{"line":114,"column":7},"end":{"line":116,"column":35}},"locations":[{"start":{"line":114,"column":7},"end":{"line":116,"column":35}}]},"26":{"type":"branch","line":116,"loc":{"start":{"line":116,"column":26},"end":{"line":116,"column":44}},"locations":[{"start":{"line":116,"column":26},"end":{"line":116,"column":44}}]},"27":{"type":"branch","line":116,"loc":{"start":{"line":116,"column":44},"end":{"line":118,"column":7}},"locations":[{"start":{"line":116,"column":44},"end":{"line":118,"column":7}}]},"28":{"type":"branch","line":118,"loc":{"start":{"line":118,"column":6},"end":{"line":122,"column":28}},"locations":[{"start":{"line":118,"column":6},"end":{"line":122,"column":28}}]},"29":{"type":"branch","line":122,"loc":{"start":{"line":122,"column":28},"end":{"line":127,"column":7}},"locations":[{"start":{"line":122,"column":28},"end":{"line":127,"column":7}}]},"30":{"type":"branch","line":123,"loc":{"start":{"line":123,"column":47},"end":{"line":123,"column":55}},"locations":[{"start":{"line":123,"column":47},"end":{"line":123,"column":55}}]},"31":{"type":"branch","line":127,"loc":{"start":{"line":127,"column":6},"end":{"line":130,"column":13}},"locations":[{"start":{"line":127,"column":6},"end":{"line":130,"column":13}}]},"32":{"type":"branch","line":130,"loc":{"start":{"line":130,"column":4},"end":{"line":132,"column":6}},"locations":[{"start":{"line":130,"column":4},"end":{"line":132,"column":6}}]},"33":{"type":"branch","line":132,"loc":{"start":{"line":132,"column":4},"end":{"line":134,"column":5}},"locations":[{"start":{"line":132,"column":4},"end":{"line":134,"column":5}}]},"34":{"type":"branch","line":216,"loc":{"start":{"line":216,"column":26},"end":{"line":216,"column":94}},"locations":[{"start":{"line":216,"column":26},"end":{"line":216,"column":94}}]},"35":{"type":"branch","line":228,"loc":{"start":{"line":228,"column":26},"end":{"line":228,"column":95}},"locations":[{"start":{"line":228,"column":26},"end":{"line":228,"column":95}}]}},"b":{"0":[46],"1":[34],"2":[28],"3":[3],"4":[12],"5":[0],"6":[34],"7":[14],"8":[2],"9":[44],"10":[5],"11":[1],"12":[4],"13":[1],"14":[3],"15":[0],"16":[3],"17":[3],"18":[5],"19":[3],"20":[0],"21":[1],"22":[2],"23":[0],"24":[2],"25":[2],"26":[1],"27":[1],"28":[2],"29":[1],"30":[0],"31":[2],"32":[0],"33":[2],"34":[13],"35":[10]},"fnMap":{"0":{"name":"UploadPage","decl":{"start":{"line":16,"column":7},"end":{"line":247,"column":1}},"loc":{"start":{"line":16,"column":7},"end":{"line":247,"column":1}},"line":16},"1":{"name":"handleFileSelect","decl":{"start":{"line":29,"column":27},"end":{"line":56,"column":4}},"loc":{"start":{"line":29,"column":27},"end":{"line":56,"column":4}},"line":29},"2":{"name":"reader.onloadend","decl":{"start":{"line":52,"column":23},"end":{"line":54,"column":6}},"loc":{"start":{"line":52,"column":23},"end":{"line":54,"column":6}},"line":52},"3":{"name":"handleFileInput","decl":{"start":{"line":58,"column":26},"end":{"line":63,"column":4}},"loc":{"start":{"line":58,"column":26},"end":{"line":63,"column":4}},"line":58},"4":{"name":"handleDragOver","decl":{"start":{"line":65,"column":25},"end":{"line":68,"column":4}},"loc":{"start":{"line":65,"column":25},"end":{"line":68,"column":4}},"line":65},"5":{"name":"handleDragLeave","decl":{"start":{"line":70,"column":26},"end":{"line":72,"column":4}},"loc":{"start":{"line":70,"column":26},"end":{"line":72,"column":4}},"line":70},"6":{"name":"handleDrop","decl":{"start":{"line":74,"column":21},"end":{"line":82,"column":4}},"loc":{"start":{"line":74,"column":21},"end":{"line":82,"column":4}},"line":74},"7":{"name":"handleRemoveFile","decl":{"start":{"line":84,"column":27},"end":{"line":90,"column":4}},"loc":{"start":{"line":84,"column":27},"end":{"line":90,"column":4}},"line":84},"8":{"name":"handleSubmit","decl":{"start":{"line":92,"column":23},"end":{"line":135,"column":4}},"loc":{"start":{"line":92,"column":23},"end":{"line":135,"column":4}},"line":92},"9":{"name":"onClick","decl":{"start":{"line":166,"column":23},"end":{"line":166,"column":59}},"loc":{"start":{"line":166,"column":23},"end":{"line":166,"column":59}},"line":166},"10":{"name":"onChange","decl":{"start":{"line":216,"column":26},"end":{"line":216,"column":94}},"loc":{"start":{"line":216,"column":26},"end":{"line":216,"column":94}},"line":216},"11":{"name":"onChange","decl":{"start":{"line":228,"column":26},"end":{"line":228,"column":95}},"loc":{"start":{"line":228,"column":26},"end":{"line":228,"column":95}},"line":228}},"f":{"0":46,"1":5,"2":3,"3":5,"4":0,"5":0,"6":0,"7":0,"8":3,"9":0,"10":13,"11":10}},"/Users/soheegoo/UofT/MarkusLLMTeachCS/CSC490/ArtGuard/src/apps/frontend/src/app/routes.tsx":{"path":"/Users/soheegoo/UofT/MarkusLLMTeachCS/CSC490/ArtGuard/src/apps/frontend/src/app/routes.tsx","all":false,"statementMap":{"0":{"start":{"line":1,"column":0},"end":{"line":1,"column":51}},"1":{"start":{"line":2,"column":0},"end":{"line":2,"column":44}},"2":{"start":{"line":3,"column":0},"end":{"line":3,"column":48}},"3":{"start":{"line":4,"column":0},"end":{"line":4,"column":46}},"4":{"start":{"line":5,"column":0},"end":{"line":5,"column":48}},"5":{"start":{"line":6,"column":0},"end":{"line":6,"column":50}},"6":{"start":{"line":7,"column":0},"end":{"line":7,"column":50}},"7":{"start":{"line":8,"column":0},"end":{"line":8,"column":50}},"8":{"start":{"line":9,"column":0},"end":{"line":9,"column":53}},"9":{"start":{"line":10,"column":0},"end":{"line":10,"column":61}},"11":{"start":{"line":12,"column":0},"end":{"line":12,"column":43}},"12":{"start":{"line":13,"column":0},"end":{"line":13,"column":3}},"13":{"start":{"line":14,"column":0},"end":{"line":14,"column":14}},"14":{"start":{"line":15,"column":0},"end":{"line":15,"column":28}},"15":{"start":{"line":16,"column":0},"end":{"line":16,"column":15}},"16":{"start":{"line":17,"column":0},"end":{"line":17,"column":7}},"17":{"start":{"line":18,"column":0},"end":{"line":18,"column":20}},"18":{"start":{"line":19,"column":0},"end":{"line":19,"column":30}},"19":{"start":{"line":20,"column":0},"end":{"line":20,"column":8}},"20":{"start":{"line":21,"column":0},"end":{"line":21,"column":7}},"21":{"start":{"line":22,"column":0},"end":{"line":22,"column":23}},"22":{"start":{"line":23,"column":0},"end":{"line":23,"column":32}},"23":{"start":{"line":24,"column":0},"end":{"line":24,"column":8}},"24":{"start":{"line":25,"column":0},"end":{"line":25,"column":7}},"25":{"start":{"line":26,"column":0},"end":{"line":26,"column":22}},"26":{"start":{"line":27,"column":0},"end":{"line":27,"column":31}},"27":{"start":{"line":28,"column":0},"end":{"line":28,"column":8}},"28":{"start":{"line":29,"column":0},"end":{"line":29,"column":7}},"29":{"start":{"line":30,"column":0},"end":{"line":30,"column":23}},"30":{"start":{"line":31,"column":0},"end":{"line":31,"column":18}},"31":{"start":{"line":32,"column":0},"end":{"line":32,"column":26}},"32":{"start":{"line":33,"column":0},"end":{"line":33,"column":26}},"33":{"start":{"line":34,"column":0},"end":{"line":34,"column":27}},"35":{"start":{"line":36,"column":0},"end":{"line":36,"column":8}},"36":{"start":{"line":37,"column":0},"end":{"line":37,"column":7}},"37":{"start":{"line":38,"column":0},"end":{"line":38,"column":24}},"38":{"start":{"line":39,"column":0},"end":{"line":39,"column":18}},"39":{"start":{"line":40,"column":0},"end":{"line":40,"column":26}},"40":{"start":{"line":41,"column":0},"end":{"line":41,"column":27}},"41":{"start":{"line":42,"column":0},"end":{"line":42,"column":27}},"43":{"start":{"line":44,"column":0},"end":{"line":44,"column":8}},"44":{"start":{"line":45,"column":0},"end":{"line":45,"column":7}},"45":{"start":{"line":46,"column":0},"end":{"line":46,"column":24}},"46":{"start":{"line":47,"column":0},"end":{"line":47,"column":18}},"47":{"start":{"line":48,"column":0},"end":{"line":48,"column":26}},"48":{"start":{"line":49,"column":0},"end":{"line":49,"column":27}},"49":{"start":{"line":50,"column":0},"end":{"line":50,"column":27}},"51":{"start":{"line":52,"column":0},"end":{"line":52,"column":8}},"52":{"start":{"line":53,"column":0},"end":{"line":53,"column":7}},"53":{"start":{"line":54,"column":0},"end":{"line":54,"column":24}},"54":{"start":{"line":55,"column":0},"end":{"line":55,"column":18}},"55":{"start":{"line":56,"column":0},"end":{"line":56,"column":26}},"56":{"start":{"line":57,"column":0},"end":{"line":57,"column":27}},"57":{"start":{"line":58,"column":0},"end":{"line":58,"column":27}},"59":{"start":{"line":60,"column":0},"end":{"line":60,"column":8}},"60":{"start":{"line":61,"column":0},"end":{"line":61,"column":6}},"61":{"start":{"line":62,"column":0},"end":{"line":62,"column":4}},"62":{"start":{"line":63,"column":0},"end":{"line":63,"column":3}}},"s":{"0":1,"1":1,"2":1,"3":1,"4":1,"5":1,"6":1,"7":1,"8":1,"9":1,"11":1,"12":1,"13":1,"14":1,"15":1,"16":1,"17":1,"18":1,"19":1,"20":1,"21":1,"22":1,"23":1,"24":1,"25":1,"26":1,"27":1,"28":1,"29":1,"30":1,"31":1,"32":1,"33":1,"35":1,"36":1,"37":1,"38":1,"39":1,"40":1,"41":1,"43":1,"44":1,"45":1,"46":1,"47":1,"48":1,"49":1,"51":1,"52":1,"53":1,"54":1,"55":1,"56":1,"57":1,"59":1,"60":1,"61":1,"62":1},"branchMap":{},"b":{},"fnMap":{},"f":{}},"/Users/soheegoo/UofT/MarkusLLMTeachCS/CSC490/ArtGuard/src/apps/frontend/src/app/types/index.ts":{"path":"/Users/soheegoo/UofT/MarkusLLMTeachCS/CSC490/ArtGuard/src/apps/frontend/src/app/types/index.ts","all":false,"statementMap":{"62":{"start":{"line":63,"column":0},"end":{"line":63,"column":57}},"63":{"start":{"line":64,"column":0},"end":{"line":64,"column":51}},"64":{"start":{"line":65,"column":0},"end":{"line":65,"column":74}},"65":{"start":{"line":66,"column":0},"end":{"line":66,"column":59}},"66":{"start":{"line":67,"column":0},"end":{"line":67,"column":3}},"67":{"start":{"line":68,"column":0},"end":{"line":68,"column":40}},"68":{"start":{"line":69,"column":0},"end":{"line":69,"column":1}}},"s":{"62":1,"63":5,"64":5,"65":1,"66":1,"67":2,"68":2},"branchMap":{"0":{"type":"branch","line":63,"loc":{"start":{"line":63,"column":7},"end":{"line":69,"column":1}},"locations":[{"start":{"line":63,"column":7},"end":{"line":69,"column":1}}]},"1":{"type":"branch","line":64,"loc":{"start":{"line":64,"column":30},"end":{"line":64,"column":51}},"locations":[{"start":{"line":64,"column":30},"end":{"line":64,"column":51}}]},"2":{"type":"branch","line":64,"loc":{"start":{"line":64,"column":43},"end":{"line":65,"column":53}},"locations":[{"start":{"line":64,"column":43},"end":{"line":65,"column":53}}]},"3":{"type":"branch","line":64,"loc":{"start":{"line":64,"column":43},"end":{"line":65,"column":35}},"locations":[{"start":{"line":64,"column":43},"end":{"line":65,"column":35}}]},"4":{"type":"branch","line":65,"loc":{"start":{"line":65,"column":23},"end":{"line":65,"column":53}},"locations":[{"start":{"line":65,"column":23},"end":{"line":65,"column":53}}]},"5":{"type":"branch","line":65,"loc":{"start":{"line":65,"column":45},"end":{"line":65,"column":73}},"locations":[{"start":{"line":65,"column":45},"end":{"line":65,"column":73}}]},"6":{"type":"branch","line":65,"loc":{"start":{"line":65,"column":73},"end":{"line":69,"column":1}},"locations":[{"start":{"line":65,"column":73},"end":{"line":69,"column":1}}]},"7":{"type":"branch","line":65,"loc":{"start":{"line":65,"column":73},"end":{"line":67,"column":3}},"locations":[{"start":{"line":65,"column":73},"end":{"line":67,"column":3}}]},"8":{"type":"branch","line":67,"loc":{"start":{"line":67,"column":2},"end":{"line":69,"column":1}},"locations":[{"start":{"line":67,"column":2},"end":{"line":69,"column":1}}]}},"b":{"0":[5],"1":[2],"2":[4],"3":[3],"4":[2],"5":[1],"6":[4],"7":[1],"8":[2]},"fnMap":{"0":{"name":"getErrorMessage","decl":{"start":{"line":63,"column":7},"end":{"line":69,"column":1}},"loc":{"start":{"line":63,"column":7},"end":{"line":69,"column":1}},"line":63}},"f":{"0":5}}}}
